================================================================
  Vivado(TM) HLS - High-Level Synthesis from C, C++ and SystemC
  Version 2014.1
  Build 881834 on Fri Apr 04 13:20:25 PM 2014
  Copyright (C) 2014 Xilinx Inc. All rights reserved.
================================================================
@I [LIC-101] Checked out feature [HLS]
@I [HLS-10] Running 'C:/Xilinx/Vivado_HLS/2014.1/bin/unwrapped/win64.o/vivado_hls.exe'
            for user 'fr909' on host 'ee-gm210' (Windows NT_amd64 version 6.1) on Wed Sep 16 18:27:15 +0100 2015
            in directory 'C:/Users/fr909/Desktop/pmcmc-1.0'
@I [HLS-10] Creating and opening project 'C:/Users/fr909/Desktop/pmcmc-1.0/ip_design/build/prj/my_project0'.
@I [HLS-10] Adding design file '../../src/foo_data.h' to the project
@I [HLS-10] Adding design file '../../src/foo_mem_parameters.h' to the project
@I [HLS-10] Adding design file '../../src/gauss.h' to the project
@I [HLS-10] Adding design file '../../src/gauss.cpp' to the project
@I [HLS-10] Adding design file '../../src/particle_filter.cpp' to the project
@I [HLS-10] Adding design file '../../src/foo.cpp' to the project
@I [HLS-10] Creating and opening solution 'C:/Users/fr909/Desktop/pmcmc-1.0/ip_design/build/prj/my_project0/solution1'.
@I [HLS-10] Cleaning up the solution database.
@I [HLS-10] Setting target device to '{xc7z045ffg900-2}'
@I [SYN-201] Setting up clock 'default' with a period of 6ns.
@I [HLS-10] Analyzing design file '../../src/foo.cpp' ... 
@I [HLS-10] Analyzing design file '../../src/particle_filter.cpp' ... 
@I [HLS-10] Analyzing design file '../../src/gauss.cpp' ... 
@I [HLS-10] Validating synthesis directives ...
@W [HLS-40] Directive 'ARRAY_PARTITION' cannot be applied: Function 'particle_filter' does not exist in any synthesis source file.
@W [HLS-40] Directive 'ARRAY_PARTITION' cannot be applied: Function 'particle_filter' does not exist in any synthesis source file.
@W [HLS-40] Directive 'ARRAY_PARTITION' cannot be applied: Function 'resampling' does not exist in any synthesis source file.
@W [HLS-40] Directive 'PIPELINE' cannot be applied: Function 'resampling' does not exist in any synthesis source file.
@W [HLS-40] Directive 'PIPELINE' cannot be applied: Function 'resampling' does not exist in any synthesis source file.
@W [HLS-40] Directive 'PIPELINE' cannot be applied: Function 'resampling' does not exist in any synthesis source file.
@W [HLS-40] Directive 'PIPELINE' cannot be applied: Function 'resampling' does not exist in any synthesis source file.
@W [HLS-40] Directive 'PIPELINE' cannot be applied: Label 'resampling_2nd_update_loop' does not exist in function 'particle_filter'. 
@W [HLS-40] Directive 'ARRAY_PARTITION' cannot be applied: Function 'particle_filter' does not exist in any synthesis source file.
@W [HLS-40] Directive 'ARRAY_PARTITION' cannot be applied: Function 'particle_filter' does not exist in any synthesis source file.
@W [HLS-40] Directive 'LOOP_FLATTEN' cannot be applied: Label 'loop_2' does not exist in function 'particle_filter'. 
@W [HLS-40] Directive 'LOOP_FLATTEN' cannot be applied: Label 'loop_1' does not exist in function 'particle_filter'. 
@I [HLS-10] Starting code transformations ...
@I [XFORM-603] Inlining function 'ap_fixed_base<78, 55, false, (ap_q_mode)5, (ap_o_mode)3, 0>::operator<<' into 'hls::cast_IEEE754<unsigned int, float>' (r:/scratch/builds/2014.1/continuous/20140404125757/src/products/hls/hls_lib/src/hls/hls_round.h:395).
@I [XFORM-603] Inlining function 'ap_fixed_base<1, 33, false, (ap_q_mode)5, (ap_o_mode)0, 0>::overflow_adjust' into 'ap_fixed_base<1, 33, false, (ap_q_mode)5, (ap_o_mode)0, 0>::ap_fixed_base<55, 55, false, (ap_q_mode)5, (ap_o_mode)3, 0>' ().
@I [XFORM-603] Inlining function '__random32' into 'ctrng_seed' (../../src/gauss.cpp:14).
@I [XFORM-603] Inlining function '__random32' into 'particle_filter' (../../src/particle_filter.cpp:1117).
@I [XFORM-603] Inlining function '__random32' into 'particle_filter' (../../src/particle_filter.cpp:1116).
@I [XFORM-603] Inlining function '__random32' into 'particle_filter' (../../src/particle_filter.cpp:636).
@I [XFORM-603] Inlining function '__random32' into 'particle_filter' (../../src/particle_filter.cpp:635).
@I [XFORM-603] Inlining function '__random32' into 'particle_filter' (../../src/particle_filter.cpp:628).
@I [XFORM-603] Inlining function '__random32' into 'particle_filter' (../../src/particle_filter.cpp:627).
@I [XFORM-603] Inlining function '__random32' into 'mcmc_iteration' (../../src/foo.cpp:140).
@I [XFORM-603] Inlining function '__random32' into 'mcmc_iteration' (../../src/foo.cpp:139).
@I [XFORM-603] Inlining function 'ap_fixed_base<62, 39, false, (ap_q_mode)5, (ap_o_mode)3, 0>::operator<<' into 'hls::cast_IEEE754<unsigned short, float>' (r:/scratch/builds/2014.1/continuous/20140404125757/src/products/hls/hls_lib/src/hls/hls_round.h:395).
@I [XFORM-603] Inlining function 'ap_fixed_base<1, 17, false, (ap_q_mode)5, (ap_o_mode)0, 0>::overflow_adjust' into 'ap_fixed_base<1, 17, false, (ap_q_mode)5, (ap_o_mode)0, 0>::ap_fixed_base<39, 39, false, (ap_q_mode)5, (ap_o_mode)3, 0>' ().
@I [XFORM-603] Inlining function 'log_factorial' into 'particle_filter' (../../src/particle_filter.cpp:681).
@I [XFORM-603] Inlining function 'log_factorial' into 'particle_filter' (../../src/particle_filter.cpp:681).
@I [XFORM-603] Inlining function 'log_factorial' into 'particle_filter' (../../src/particle_filter.cpp:681).
@I [XFORM-603] Inlining function 'ap_fixed_base<28, 16, true, (ap_q_mode)6, (ap_o_mode)0, 0>::quantization_adjust' into 'ap_fixed_base<28, 16, true, (ap_q_mode)6, (ap_o_mode)0, 0>::ap_fixed_base' ().
@I [XFORM-603] Inlining function 'ap_fixed_base<28, 16, true, (ap_q_mode)6, (ap_o_mode)0, 0>::overflow_adjust' into 'ap_fixed_base<28, 16, true, (ap_q_mode)6, (ap_o_mode)0, 0>::ap_fixed_base' ().
@I [XFORM-603] Inlining function 'ap_fixed_base<28, 16, true, (ap_q_mode)6, (ap_o_mode)0, 0>::overflow_adjust' into 'ap_fixed_base<28, 16, true, (ap_q_mode)6, (ap_o_mode)0, 0>::ap_fixed_base<29, 17, true, (ap_q_mode)5, (ap_o_mode)3, 0>' ().
@I [XFORM-603] Inlining function 'ap_fixed_base<28, 16, true, (ap_q_mode)6, (ap_o_mode)0, 0>::overflow_adjust' into 'ap_fixed_base<28, 16, true, (ap_q_mode)6, (ap_o_mode)0, 0>::ap_fixed_base<30, 18, true, (ap_q_mode)5, (ap_o_mode)3, 0>' ().
@I [XFORM-603] Inlining function 'ap_fixed_base<14, 2, true, (ap_q_mode)6, (ap_o_mode)0, 0>::overflow_adjust' into 'ap_fixed_base<14, 2, true, (ap_q_mode)6, (ap_o_mode)0, 0>::ap_fixed_base<28, 16, true, (ap_q_mode)5, (ap_o_mode)3, 0>' ().
@I [HLS-10] Checking synthesizability ...
@W [SYNCHK-23] ../../src/particle_filter.cpp:1120: variable-indexed range selection may cause suboptimal QoR.
@I [SYNCHK-10] 0 error(s), 1 warning(s).
@I [XFORM-502] Unrolling small iteration loop 'state_param_prop_loop' (../../src/foo.cpp:150) in function 'mcmc_iteration' automatically.
@I [XFORM-502] Unrolling small iteration loop 'obs_param_prop_loop' (../../src/foo.cpp:153) in function 'mcmc_iteration' automatically.
@I [XFORM-502] Unrolling all sub-loops inside loop 'particles_init_loop' (../../src/particle_filter.cpp:581) in function 'particle_filter' for pipelining.
@I [XFORM-502] Unrolling small iteration loop 'particles_saved_1st_loop' (../../src/particle_filter.cpp:593) in function 'particle_filter' automatically.
@I [XFORM-502] Unrolling all sub-loops inside loop 'main_loop' (../../src/particle_filter.cpp:8) in function 'particle_filter' for pipelining.
@I [XFORM-502] Unrolling all sub-loops inside loop 'sum_main_loop' (../../src/particle_filter.cpp:1054) in function 'particle_filter' for pipelining.
@I [XFORM-502] Unrolling all sub-loops inside loop 'resampling_main_loop' (../../src/particle_filter.cpp:1140) in function 'particle_filter' for pipelining.
@I [XFORM-502] Unrolling all sub-loops inside loop 'replication_factors_inner_loop' (../../src/particle_filter.cpp:1184) in function 'particle_filter' for pipelining.
@I [XFORM-502] Unrolling small iteration loop 'particles_saved_main_loop' (../../src/particle_filter.cpp:1211) in function 'particle_filter' automatically.
@I [XFORM-501] Unrolling loop 'state_param_prop_loop' (../../src/foo.cpp:150) in function 'mcmc_iteration' completely.
@I [XFORM-501] Unrolling loop 'obs_param_prop_loop' (../../src/foo.cpp:153) in function 'mcmc_iteration' completely.
@I [XFORM-501] Unrolling loop 'particles_init_parallelism_loop' (../../src/particle_filter.cpp:583) in function 'particle_filter' completely.
@I [XFORM-501] Unrolling loop 'particles_saved_1st_loop' (../../src/particle_filter.cpp:593) in function 'particle_filter' completely.
@I [XFORM-501] Unrolling loop 'n_x_loop' (../../src/particle_filter.cpp:618) in function 'particle_filter' completely.
@I [XFORM-501] Unrolling loop 'parallelism_loop' (../../src/particle_filter.cpp:8) in function 'particle_filter' completely.
@I [XFORM-501] Unrolling loop 'obs_parallelism_loop' (../../src/particle_filter.cpp:8) in function 'particle_filter' completely.
@I [XFORM-501] Unrolling loop 'chunk_sums_init_loop' (../../src/particle_filter.cpp:1049) in function 'particle_filter' completely.
@I [XFORM-501] Unrolling loop 'sum_parallelism_loop' (../../src/particle_filter.cpp:1056) in function 'particle_filter' completely.
@I [XFORM-501] Unrolling loop 'resampling_parallelism_loop' (../../src/particle_filter.cpp:1142) in function 'particle_filter' completely.
@I [XFORM-501] Unrolling loop 'Loop-3.8.1.1.1' (../../src/particle_filter.cpp:1193) in function 'particle_filter' completely.
@I [XFORM-501] Unrolling loop 'particles_saved_main_loop' (../../src/particle_filter.cpp:1211) in function 'particle_filter' completely.
@I [XFORM-102] Partitioning array 'obs_parameters_rand' (../../src/foo.cpp:297) automatically.
@I [XFORM-102] Automatically partitioning small array 'initial_theta' (../../src/foo.cpp:291) completely based on array size.
@I [XFORM-102] Automatically partitioning small array 'cov' (../../src/foo.cpp:292) completely based on array size.
@I [XFORM-102] Automatically partitioning small array 'rn_prop' (../../src/foo.cpp:413) completely based on array size.
@I [XFORM-101] Partitioning array 'weights_partial_sums' (../../src/foo.cpp:306) in dimension 1 completely.
@I [XFORM-101] Partitioning array 'current_mcmc_state_exp' (../../src/foo.cpp:311) in dimension 1 completely.
@I [XFORM-101] Partitioning array 'proposed_mcmc_state_exp' (../../src/foo.cpp:312) in dimension 1 completely.
@I [XFORM-101] Partitioning array 'particles'  in dimension 1 with a block factor 2.
@I [XFORM-101] Partitioning array 'init_particles' (../../src/foo.cpp:294) in dimension 1 with a block factor 2.
@I [XFORM-101] Partitioning array 'weights'  in dimension 1 with a block factor 2.
@I [XFORM-101] Partitioning array 'log_lik_particle'  in dimension 1 with a block factor 2.
@I [XFORM-101] Partitioning array 'data' (../../src/foo.cpp:298) in dimension 1 with a block factor 4.
@I [XFORM-101] Partitioning array 'particles_temp'  in dimension 1 with a block factor 2.
@I [XFORM-101] Partitioning array 'replication_factors'  in dimension 1 with a block factor 2.
@I [XFORM-101] Partitioning array 'resampling_indexes' (../../src/foo.cpp:307) in dimension 1 with a block factor 2.
@I [XFORM-101] Partitioning array 'obs_parameters_fixed' (../../src/foo.cpp:296) in dimension 1 with a block factor 4.
@I [XFORM-101] Partitioning array 'rng_state.s1' (../../src/foo.cpp:412) in dimension 1 completely.
@I [XFORM-101] Partitioning array 'rng_state.s2' (../../src/foo.cpp:412) in dimension 1 completely.
@I [XFORM-101] Partitioning array 'rng_state.s3' (../../src/foo.cpp:412) in dimension 1 completely.
@I [XFORM-101] Partitioning array 'rng_state.offset' (../../src/foo.cpp:412) in dimension 1 completely.
@I [XFORM-101] Partitioning array 'sum' (../../src/particle_filter.cpp:559) in dimension 1 completely.
@I [XFORM-101] Partitioning array 'temp31' (../../src/particle_filter.cpp:559:146) in dimension 1 completely.
@I [XFORM-101] Partitioning array 'weights_chunk_sums' (../../src/particle_filter.cpp:561) in dimension 1 completely.
@I [XFORM-101] Partitioning array 'x_full3' (../../src/particle_filter.cpp:564:41) in dimension 1 completely.
@I [XFORM-101] Partitioning array 'n_full2' (../../src/particle_filter.cpp:564:41) in dimension 1 completely.
@I [XFORM-101] Partitioning array 'U.V' (../../src/particle_filter.cpp:567) in dimension 1 completely.
@I [XFORM-101] Partitioning array 'initial_theta' (../../src/foo.cpp:291) in dimension 1 completely.
@I [XFORM-101] Partitioning array 'cov' (../../src/foo.cpp:292) in dimension 1 completely.
@I [XFORM-101] Partitioning array 'rn_prop' (../../src/foo.cpp:413) in dimension 1 completely.
@I [XFORM-602] Inlining function 'fp_struct<float>::mantissa' into 'hls::cast_IEEE754<unsigned int, float>' (r:/scratch/builds/2014.1/continuous/20140404125757/src/products/hls/hls_lib/src/hls/hls_round.h:392) automatically.
@I [XFORM-602] Inlining function 'fp_struct<float>::expv' into 'hls::cast_IEEE754<unsigned int, float>' (r:/scratch/builds/2014.1/continuous/20140404125757/src/products/hls/hls_lib/src/hls/hls_round.h:395) automatically.
@I [XFORM-602] Inlining function 'hls::cast_IEEE754<unsigned int, float>' into '__hls_fptoui_float_i32' (r:/scratch/builds/2014.1/continuous/20140404125757/src/products/hls/hls_lib/src/lib_floatconversion.cpp:49) automatically.
@I [XFORM-602] Inlining function 'fp_struct<float>::mantissa' into 'hls::cast_IEEE754<unsigned short, float>' (r:/scratch/builds/2014.1/continuous/20140404125757/src/products/hls/hls_lib/src/hls/hls_round.h:392) automatically.
@I [XFORM-602] Inlining function 'fp_struct<float>::expv' into 'hls::cast_IEEE754<unsigned short, float>' (r:/scratch/builds/2014.1/continuous/20140404125757/src/products/hls/hls_lib/src/hls/hls_round.h:395) automatically.
@I [XFORM-602] Inlining function 'hls::cast_IEEE754<unsigned short, float>' into '__hls_fptoui_float_i16' (r:/scratch/builds/2014.1/continuous/20140404125757/src/products/hls/hls_lib/src/lib_floatconversion.cpp:48) automatically.
@I [XFORM-602] Inlining function 'fp_struct<float>::data' into 'fp_struct<float>::to_float' (r:/scratch/builds/2014.1/continuous/20140404125757/src/products/hls/hls_lib/src/hls/utils/x_hls_utils.h:345) automatically.
@I [XFORM-602] Inlining function 'fp_struct<float>::to_float' into 'fp_struct<float>::to_ieee' (r:/scratch/builds/2014.1/continuous/20140404125757/src/products/hls/hls_lib/src/hls/utils/x_hls_utils.h:366) automatically.
@I [XFORM-602] Inlining function 'fp_struct<float>::to_ieee' into 'hls::copysignf' (r:/scratch/builds/2014.1/continuous/20140404125757/src/products/hls/hls_lib/src/hls_math.h:262) automatically.
@I [XFORM-602] Inlining function 'fp_struct<float>::__signbit' into 'hls::floorf' (r:/scratch/builds/2014.1/continuous/20140404125757/src/products/hls/hls_lib/src/hls/hls_round.h:130) automatically.
@I [XFORM-602] Inlining function 'hls::copysignf' into 'hls::floorf' (r:/scratch/builds/2014.1/continuous/20140404125757/src/products/hls/hls_lib/src/hls/hls_round.h:133) automatically.
@I [XFORM-602] Inlining function 'fp_struct<float>::data' into 'hls::floorf' (r:/scratch/builds/2014.1/continuous/20140404125757/src/products/hls/hls_lib/src/hls/hls_round.h:146) automatically.
@I [XFORM-602] Inlining function 'fp_struct<float>::to_ieee' into 'hls::floorf' (r:/scratch/builds/2014.1/continuous/20140404125757/src/products/hls/hls_lib/src/hls/hls_round.h:150) automatically.
@I [XFORM-602] Inlining function 'floorf' into 'particle_filter' (../../src/particle_filter.cpp:1207) automatically.
@I [XFORM-602] Inlining function '__hls_fptoui_float_i32' into 'particle_filter' (../../src/particle_filter.cpp:1207) automatically.
@I [XFORM-602] Inlining function 'gammln' into 'gammalog' (../../src/foo.cpp:91) automatically.
@I [XFORM-602] Inlining function '__hls_fptoui_float_i32' into 'log_prior' (../../src/foo.cpp:96) automatically.
@I [XFORM-602] Inlining function 'log_lognpdf' into 'mcmc_iteration' (../../src/foo.cpp:205) automatically.
@I [XFORM-602] Inlining function 'ctrng_seed' into 'foo' (../../src/foo.cpp:420) automatically.
@I [XFORM-401] Performing if-conversion on hyperblock from (r:/scratch/builds/2014.1/continuous/20140404125757/src/products/hls/hls_lib/src/hls/hls_round.h:124:20) to (r:/scratch/builds/2014.1/continuous/20140404125757/src/products/hls/hls_lib/src/hls/hls_round.h:152:1) in function 'hls::floorf'... converting 9 basic blocks.
@I [XFORM-401] Performing if-conversion on hyperblock from (r:/scratch/builds/2014.1/continuous/20140404125757/src/products/hls/hls_lib/src/lib_floatconversion.cpp:48:43) to (r:/scratch/builds/2014.1/continuous/20140404125757/src/products/hls/hls_lib/src/lib_floatconversion.cpp:48:55) in function '__hls_fptoui_float_i16'... converting 4 basic blocks.
@I [XFORM-401] Performing if-conversion on hyperblock from (r:/scratch/builds/2014.1/continuous/20140404125757/src/products/hls/hls_lib/src/lib_floatconversion.cpp:49:43) to (r:/scratch/builds/2014.1/continuous/20140404125757/src/products/hls/hls_lib/src/lib_floatconversion.cpp:49:55) in function '__hls_fptoui_float_i32'... converting 4 basic blocks.
@I [XFORM-401] Performing if-conversion on hyperblock to (../../src/foo.cpp:96:2) in function 'log_prior'... converting 4 basic blocks.
@I [XFORM-401] Performing if-conversion on hyperblock from (../../src/particle_filter.cpp:581:74) to (../../src/particle_filter.cpp:585:4) in function 'particle_filter'... converting 4 basic blocks.
@I [XFORM-401] Performing if-conversion on hyperblock from (../../src/particle_filter.cpp:585:4) to (../../src/particle_filter.cpp:585:4) in function 'particle_filter'... converting 4 basic blocks.
@I [XFORM-401] Performing if-conversion on hyperblock from (../../src/particle_filter.cpp:623:61) to (../../src/particle_filter.cpp:631:5) in function 'particle_filter'... converting 4 basic blocks.
@I [XFORM-401] Performing if-conversion on hyperblock from (../../src/gauss.cpp:21:5) to (../../src/particle_filter.cpp:631:5) in function 'particle_filter'... converting 4 basic blocks.
@I [XFORM-401] Performing if-conversion on hyperblock from (../../src/particle_filter.cpp:1054:75) to (../../src/particle_filter.cpp:1058:48) in function 'particle_filter'... converting 4 basic blocks.
@I [XFORM-401] Performing if-conversion on hyperblock from (../../src/particle_filter.cpp:1070:6) to (../../src/particle_filter.cpp:1058:48) in function 'particle_filter'... converting 4 basic blocks.
@I [XFORM-401] Performing if-conversion on hyperblock from (../../src/particle_filter.cpp:1124:56) to (../../src/particle_filter.cpp:1124:51) in function 'particle_filter'... converting 47 basic blocks.
@I [XFORM-401] Performing if-conversion on hyperblock from (../../src/particle_filter.cpp:1140:78) to (../../src/particle_filter.cpp:1158:57) in function 'particle_filter'... converting 52 basic blocks.
@I [XFORM-401] Performing if-conversion on hyperblock from (../../src/particle_filter.cpp:1144:5) to (../../src/particle_filter.cpp:1158:57) in function 'particle_filter'... converting 52 basic blocks.
@I [XFORM-401] Performing if-conversion on hyperblock from (../../src/particle_filter.cpp:1184:67) to (../../src/particle_filter.cpp:1194:8) in function 'particle_filter'... converting 4 basic blocks.
@I [XFORM-401] Performing if-conversion on hyperblock from (../../src/particle_filter.cpp:1179:90) to (../../src/particle_filter.cpp:1184:55) in function 'particle_filter'... converting 4 basic blocks.
@I [XFORM-401] Performing if-conversion on hyperblock from (../../src/particle_filter.cpp:602:58) to (../../src/particle_filter.cpp:623:35) in function 'particle_filter'... converting 41 basic blocks.
@I [XFORM-401] Performing if-conversion on hyperblock from (../../src/particle_filter.cpp:1083:3) to (../../src/particle_filter.cpp:1124:37) in function 'particle_filter'... converting 34 basic blocks.
@I [XFORM-401] Performing if-conversion on hyperblock from (../../src/particle_filter.cpp:1207:27) to (../../src/particle_filter.cpp:602:53) in function 'particle_filter'... converting 7 basic blocks.
@I [XFORM-401] Performing if-conversion on hyperblock from (../../src/particle_filter.cpp:1223:2) to (../../src/particle_filter.cpp:1236:1) in function 'particle_filter'... converting 3 basic blocks.
@I [XFORM-602] Inlining function '__hls_fptoui_float_i16' into 'particle_filter' (../../src/particle_filter.cpp:655) automatically.
@I [XFORM-602] Inlining function 'hls::floorf' into 'particle_filter' (r:/scratch/builds/2014.1/continuous/20140404125757/src/products/hls/hls_lib/src/lib_hlsm.cpp:138->../../src/particle_filter.cpp:1207) automatically.
@I [XFORM-602] Inlining function 'log_prior' into 'mcmc_iteration' (../../src/foo.cpp:176) automatically.
@I [XFORM-602] Inlining function '__hls_fptoui_float_i32' into 'foo' (../../src/foo.cpp:333) automatically.
@I [XFORM-541] Flattening a loop nest 'resampling_1st_update_loop' (../../src/particle_filter.cpp:1178) in function 'particle_filter'.
@I [HLS-111] Elapsed time: 308.761 seconds; current memory usage: 945 MB.
@I [HLS-10] Starting hardware synthesis ...
@I [HLS-10] Synthesizing 'foo' ...
@I [HLS-10] ----------------------------------------------------------------
@I [HLS-10] -- Scheduling module 'approx' 
@I [HLS-10] ----------------------------------------------------------------
@I [SCHED-11] Starting scheduling ...
@I [SCHED-61] Pipelining function 'approx'.
@I [SCHED-61] Pipelining result: Target II: 1, Final II: 1, Depth: 36.
@I [SCHED-11] Finished scheduling.
@I [HLS-111] Elapsed time: 12.102 seconds; current memory usage: 945 MB.
@I [HLS-10] ----------------------------------------------------------------
@I [HLS-10] -- Exploring micro-architecture for module 'approx' 
@I [HLS-10] ----------------------------------------------------------------
@I [BIND-100] Starting micro-architecture generation ...
@I [BIND-101] Performing variable lifetime analysis.
@I [BIND-101] Exploring resource sharing.
@I [BIND-101] Binding ...
@I [BIND-100] Finished micro-architecture generation.
@I [HLS-111] Elapsed time: 0.354 seconds; current memory usage: 945 MB.
@I [HLS-10] ----------------------------------------------------------------
@I [HLS-10] -- Scheduling module 'particle_filter' 
@I [HLS-10] ----------------------------------------------------------------
@I [SCHED-11] Starting scheduling ...
@I [SCHED-61] Pipelining loop 'particles_init_loop'.
@I [SCHED-61] Pipelining result: Target II: 1, Final II: 1, Depth: 4.
@I [SCHED-61] Pipelining loop 'main_loop'.
@I [SCHED-61] Pipelining result: Target II: 1, Final II: 1, Depth: 159.
@I [SCHED-61] Pipelining loop 'sum_main_loop'.
@W [SCHED-68] Unable to enforce a carried constraint (II = 1)
   between 'fadd' operation ('weights_chunk_sums[1]', ../../src/particle_filter.cpp:1070) and 'fadd' operation ('weights_chunk_sums[1]', ../../src/particle_filter.cpp:1070).
@W [SCHED-68] Unable to enforce a carried constraint (II = 2)
   between 'fadd' operation ('weights_chunk_sums[1]', ../../src/particle_filter.cpp:1070) and 'fadd' operation ('weights_chunk_sums[1]', ../../src/particle_filter.cpp:1070).
@W [SCHED-68] Unable to enforce a carried constraint (II = 3)
   between 'fadd' operation ('weights_chunk_sums[1]', ../../src/particle_filter.cpp:1070) and 'fadd' operation ('weights_chunk_sums[1]', ../../src/particle_filter.cpp:1070).
@W [SCHED-68] Unable to enforce a carried constraint (II = 4)
   between 'fadd' operation ('weights_chunk_sums[1]', ../../src/particle_filter.cpp:1070) and 'fadd' operation ('weights_chunk_sums[1]', ../../src/particle_filter.cpp:1070).
@W [SCHED-68] Unable to enforce a carried constraint (II = 7)
   between 'fadd' operation ('weights_chunk_sums[1]', ../../src/particle_filter.cpp:1070) and 'fadd' operation ('weights_chunk_sums[1]', ../../src/particle_filter.cpp:1070).
@I [SCHED-61] Pipelining result: Target II: 1, Final II: 8, Depth: 38.
@I [SCHED-61] Pipelining loop 'U_init_loop'.
@I [SCHED-61] Pipelining result: Target II: 2, Final II: 2, Depth: 11.
@I [SCHED-61] Pipelining loop 'resampling_main_loop'.
@I [SCHED-61] Pipelining result: Target II: 1, Final II: 1, Depth: 37.
@I [SCHED-61] Pipelining loop 'replication_factors_inner_loop'.
@I [SCHED-61] Pipelining result: Target II: 1, Final II: 1, Depth: 3.
@I [SCHED-11] Finished scheduling.
@I [HLS-111] Elapsed time: 1207.56 seconds; current memory usage: 1.01 GB.
@I [HLS-10] ----------------------------------------------------------------
@I [HLS-10] -- Exploring micro-architecture for module 'particle_filter' 
@I [HLS-10] ----------------------------------------------------------------
@I [BIND-100] Starting micro-architecture generation ...
@I [BIND-101] Performing variable lifetime analysis.
@I [BIND-101] Exploring resource sharing.
@I [BIND-101] Binding ...
@I [BIND-100] Finished micro-architecture generation.
@I [HLS-111] Elapsed time: 11.143 seconds; current memory usage: 1.03 GB.
@I [HLS-10] ----------------------------------------------------------------
@I [HLS-10] -- Scheduling module 'gammalog' 
@I [HLS-10] ----------------------------------------------------------------
@I [SCHED-11] Starting scheduling ...
@I [SCHED-11] Finished scheduling.
@I [HLS-111] Elapsed time: 7.811 seconds; current memory usage: 1.03 GB.
@I [HLS-10] ----------------------------------------------------------------
@I [HLS-10] -- Exploring micro-architecture for module 'gammalog' 
@I [HLS-10] ----------------------------------------------------------------
@I [BIND-100] Starting micro-architecture generation ...
@I [BIND-101] Performing variable lifetime analysis.
@I [BIND-101] Exploring resource sharing.
@I [BIND-101] Binding ...
@I [BIND-100] Finished micro-architecture generation.
@I [HLS-111] Elapsed time: 0.489 seconds; current memory usage: 1.03 GB.
@I [HLS-10] ----------------------------------------------------------------
@I [HLS-10] -- Scheduling module 'mcmc_iteration' 
@I [HLS-10] ----------------------------------------------------------------
@I [SCHED-11] Starting scheduling ...
@I [SCHED-11] Finished scheduling.
@I [HLS-111] Elapsed time: 1.287 seconds; current memory usage: 1.03 GB.
@I [HLS-10] ----------------------------------------------------------------
@I [HLS-10] -- Exploring micro-architecture for module 'mcmc_iteration' 
@I [HLS-10] ----------------------------------------------------------------
@I [BIND-100] Starting micro-architecture generation ...
@I [BIND-101] Performing variable lifetime analysis.
@I [BIND-101] Exploring resource sharing.
@I [BIND-101] Binding ...
@I [BIND-100] Finished micro-architecture generation.
@I [HLS-111] Elapsed time: 1.728 seconds; current memory usage: 1.03 GB.
@I [HLS-10] ----------------------------------------------------------------
@I [HLS-10] -- Scheduling module 'foo' 
@I [HLS-10] ----------------------------------------------------------------
@I [SCHED-11] Starting scheduling ...
@I [SCHED-61] Pipelining loop 'memcpy.dimensions.memory_inout'.
@I [SCHED-61] Pipelining result: Target II: 1, Final II: 1, Depth: 8.
@I [SCHED-61] Pipelining loop 'memcpy.initial_theta.memory_inout'.
@I [SCHED-61] Pipelining result: Target II: 1, Final II: 1, Depth: 8.
@I [SCHED-61] Pipelining loop 'memcpy.cov.memory_inout'.
@I [SCHED-61] Pipelining result: Target II: 1, Final II: 1, Depth: 8.
@I [SCHED-61] Pipelining loop 'memcpy.init_particles.memory_inout'.
@I [SCHED-61] Pipelining result: Target II: 1, Final II: 1, Depth: 8.
@I [SCHED-61] Pipelining loop 'memcpy.state_parameters.memory_inout'.
@I [SCHED-61] Pipelining result: Target II: 1, Final II: 1, Depth: 8.
@I [SCHED-61] Pipelining loop 'memcpy.obs_parameters_fixed.memory_inout'.
@I [SCHED-61] Pipelining result: Target II: 1, Final II: 1, Depth: 8.
@I [SCHED-61] Pipelining loop 'memcpy.data.memory_inout'.
@I [SCHED-61] Pipelining result: Target II: 1, Final II: 1, Depth: 8.
@I [SCHED-61] Pipelining loop 'memcpy.seeds.memory_inout'.
@I [SCHED-61] Pipelining result: Target II: 1, Final II: 1, Depth: 8.
@I [SCHED-61] Pipelining loop 'memcpy.prior_parameters.memory_inout'.
@I [SCHED-61] Pipelining result: Target II: 1, Final II: 1, Depth: 8.
@I [SCHED-61] Pipelining loop 'memcpy.memory_inout.current_mcmc_state'.
@I [SCHED-61] Pipelining result: Target II: 1, Final II: 1, Depth: 3.
@I [SCHED-11] Finished scheduling.
@I [HLS-111] Elapsed time: 2.856 seconds; current memory usage: 1.03 GB.
@I [HLS-10] ----------------------------------------------------------------
@I [HLS-10] -- Exploring micro-architecture for module 'foo' 
@I [HLS-10] ----------------------------------------------------------------
@I [BIND-100] Starting micro-architecture generation ...
@I [BIND-101] Performing variable lifetime analysis.
@I [BIND-101] Exploring resource sharing.
@I [BIND-101] Binding ...
@I [BIND-100] Finished micro-architecture generation.
@I [HLS-111] Elapsed time: 1.337 seconds; current memory usage: 1.04 GB.
@I [HLS-10] ----------------------------------------------------------------
@I [HLS-10] -- Generating RTL for module 'approx' 
@I [HLS-10] ----------------------------------------------------------------
@I [RTGEN-100] Generating core module 'foo_fadd_32ns_32ns_32_8_full_dsp': 2 instance(s).
@I [RTGEN-100] Generating core module 'foo_fmul_32ns_32ns_32_4_max_dsp': 3 instance(s).
@I [RTGEN-100] Generating core module 'foo_uitofp_32ns_32_6': 1 instance(s).
@I [RTGEN-100] Finished creating RTL model for 'approx'.
@I [HLS-111] Elapsed time: 1.925 seconds; current memory usage: 1.04 GB.
@I [HLS-10] ----------------------------------------------------------------
@I [HLS-10] -- Generating RTL for module 'particle_filter' 
@I [HLS-10] ----------------------------------------------------------------
@I [RTGEN-100] Generating core module 'foo_fadd_32ns_32ns_32_8_full_dsp': 39 instance(s).
@I [RTGEN-100] Generating core module 'foo_faddfsub_32ns_32ns_32_8_full_dsp': 1 instance(s).
@I [RTGEN-100] Generating core module 'foo_fcmp_32ns_32ns_1_3': 43 instance(s).
@I [RTGEN-100] Generating core module 'foo_fdiv_32ns_32ns_32_16': 8 instance(s).
@I [RTGEN-100] Generating core module 'foo_fexp_32ns_32ns_32_13_full_dsp': 8 instance(s).
@I [RTGEN-100] Generating core module 'foo_flog_32ns_32ns_32_14_full_dsp': 16 instance(s).
@I [RTGEN-100] Generating core module 'foo_fmul_32ns_32ns_32_4_max_dsp': 26 instance(s).
@I [RTGEN-100] Generating core module 'foo_fpext_32ns_64_3': 2 instance(s).
@I [RTGEN-100] Generating core module 'foo_fsqrt_32ns_32ns_32_17': 1 instance(s).
@I [RTGEN-100] Generating core module 'foo_fsub_32ns_32ns_32_8_full_dsp': 24 instance(s).
@I [RTGEN-100] Generating core module 'foo_mul_31ns_32s_32_6': 1 instance(s).
@I [RTGEN-100] Generating core module 'foo_udiv_32ns_32ns_32_35': 1 instance(s).
@I [RTGEN-100] Generating core module 'foo_uitofp_32ns_32_6': 16 instance(s).
@I [RTGEN-100] Generating core module 'foo_urem_32ns_32ns_32_35': 1 instance(s).
@I [RTGEN-100] Finished creating RTL model for 'particle_filter'.
@I [HLS-111] Elapsed time: 6.381 seconds; current memory usage: 1.1 GB.
@W [HLS-40] C:/Users/fr909/Desktop/pmcmc-1.0/ip_design/build/prj/my_project0 and r:/scratch/builds/2014.1/continuous/20140404125757/src/products are not the same volume, so there is no relative path.
@W [HLS-40] C:/Users/fr909/Desktop/pmcmc-1.0/ip_design/build/prj/my_project0 and r:/scratch/builds/2014.1/continuous/20140404125757/src/products are not the same volume, so there is no relative path.
@W [HLS-40] C:/Users/fr909/Desktop/pmcmc-1.0/ip_design/build/prj/my_project0 and r:/scratch/builds/2014.1/continuous/20140404125757/src/products are not the same volume, so there is no relative path.
@W [HLS-40] C:/Users/fr909/Desktop/pmcmc-1.0/ip_design/build/prj/my_project0 and r:/scratch/builds/2014.1/continuous/20140404125757/src/products are not the same volume, so there is no relative path.
@W [HLS-40] C:/Users/fr909/Desktop/pmcmc-1.0/ip_design/build/prj/my_project0 and r:/scratch/builds/2014.1/continuous/20140404125757/src/products are not the same volume, so there is no relative path.
@W [HLS-40] C:/Users/fr909/Desktop/pmcmc-1.0/ip_design/build/prj/my_project0 and r:/scratch/builds/2014.1/continuous/20140404125757/src/products are not the same volume, so there is no relative path.
@W [HLS-40] C:/Users/fr909/Desktop/pmcmc-1.0/ip_design/build/prj/my_project0 and r:/scratch/builds/2014.1/continuous/20140404125757/src/products are not the same volume, so there is no relative path.
@W [HLS-40] C:/Users/fr909/Desktop/pmcmc-1.0/ip_design/build/prj/my_project0 and r:/scratch/builds/2014.1/continuous/20140404125757/src/products are not the same volume, so there is no relative path.
@W [HLS-40] C:/Users/fr909/Desktop/pmcmc-1.0/ip_design/build/prj/my_project0 and r:/scratch/builds/2014.1/continuous/20140404125757/src/products are not the same volume, so there is no relative path.
@W [HLS-40] C:/Users/fr909/Desktop/pmcmc-1.0/ip_design/build/prj/my_project0 and r:/scratch/builds/2014.1/continuous/20140404125757/src/products are not the same volume, so there is no relative path.
@W [HLS-40] C:/Users/fr909/Desktop/pmcmc-1.0/ip_design/build/prj/my_project0 and r:/scratch/builds/2014.1/continuous/20140404125757/src/products are not the same volume, so there is no relative path.
@W [HLS-40] C:/Users/fr909/Desktop/pmcmc-1.0/ip_design/build/prj/my_project0 and r:/scratch/builds/2014.1/continuous/20140404125757/src/products are not the same volume, so there is no relative path.
@W [HLS-40] C:/Users/fr909/Desktop/pmcmc-1.0/ip_design/build/prj/my_project0 and r:/scratch/builds/2014.1/continuous/20140404125757/src/products are not the same volume, so there is no relative path.
@W [HLS-40] C:/Users/fr909/Desktop/pmcmc-1.0/ip_design/build/prj/my_project0 and r:/scratch/builds/2014.1/continuous/20140404125757/src/products are not the same volume, so there is no relative path.
@W [HLS-40] C:/Users/fr909/Desktop/pmcmc-1.0/ip_design/build/prj/my_project0 and r:/scratch/builds/2014.1/continuous/20140404125757/src/products are not the same volume, so there is no relative path.
@W [HLS-40] C:/Users/fr909/Desktop/pmcmc-1.0/ip_design/build/prj/my_project0 and r:/scratch/builds/2014.1/continuous/20140404125757/src/products are not the same volume, so there is no relative path.
@W [HLS-40] C:/Users/fr909/Desktop/pmcmc-1.0/ip_design/build/prj/my_project0 and r:/scratch/builds/2014.1/continuous/20140404125757/src/products are not the same volume, so there is no relative path.
@W [HLS-40] C:/Users/fr909/Desktop/pmcmc-1.0/ip_design/build/prj/my_project0 and r:/scratch/builds/2014.1/continuous/20140404125757/src/products are not the same volume, so there is no relative path.
@W [HLS-40] C:/Users/fr909/Desktop/pmcmc-1.0/ip_design/build/prj/my_project0 and r:/scratch/builds/2014.1/continuous/20140404125757/src/products are not the same volume, so there is no relative path.
@W [HLS-40] C:/Users/fr909/Desktop/pmcmc-1.0/ip_design/build/prj/my_project0 and r:/scratch/builds/2014.1/continuous/20140404125757/src/products are not the same volume, so there is no relative path.
@W [HLS-40] C:/Users/fr909/Desktop/pmcmc-1.0/ip_design/build/prj/my_project0 and r:/scratch/builds/2014.1/continuous/20140404125757/src/products are not the same volume, so there is no relative path.
@W [HLS-40] C:/Users/fr909/Desktop/pmcmc-1.0/ip_design/build/prj/my_project0 and r:/scratch/builds/2014.1/continuous/20140404125757/src/products are not the same volume, so there is no relative path.
@W [HLS-40] C:/Users/fr909/Desktop/pmcmc-1.0/ip_design/build/prj/my_project0 and r:/scratch/builds/2014.1/continuous/20140404125757/src/products are not the same volume, so there is no relative path.
@W [HLS-40] C:/Users/fr909/Desktop/pmcmc-1.0/ip_design/build/prj/my_project0 and r:/scratch/builds/2014.1/continuous/20140404125757/src/products are not the same volume, so there is no relative path.
@W [HLS-40] C:/Users/fr909/Desktop/pmcmc-1.0/ip_design/build/prj/my_project0 and r:/scratch/builds/2014.1/continuous/20140404125757/src/products are not the same volume, so there is no relative path.
@W [HLS-40] C:/Users/fr909/Desktop/pmcmc-1.0/ip_design/build/prj/my_project0 and r:/scratch/builds/2014.1/continuous/20140404125757/src/products are not the same volume, so there is no relative path.
@W [HLS-40] C:/Users/fr909/Desktop/pmcmc-1.0/ip_design/build/prj/my_project0 and r:/scratch/builds/2014.1/continuous/20140404125757/src/products are not the same volume, so there is no relative path.
@W [HLS-40] C:/Users/fr909/Desktop/pmcmc-1.0/ip_design/build/prj/my_project0 and r:/scratch/builds/2014.1/continuous/20140404125757/src/products are not the same volume, so there is no relative path.
@W [HLS-40] C:/Users/fr909/Desktop/pmcmc-1.0/ip_design/build/prj/my_project0 and r:/scratch/builds/2014.1/continuous/20140404125757/src/products are not the same volume, so there is no relative path.
@W [HLS-40] C:/Users/fr909/Desktop/pmcmc-1.0/ip_design/build/prj/my_project0 and r:/scratch/builds/2014.1/continuous/20140404125757/src/products are not the same volume, so there is no relative path.
@W [HLS-40] C:/Users/fr909/Desktop/pmcmc-1.0/ip_design/build/prj/my_project0 and r:/scratch/builds/2014.1/continuous/20140404125757/src/products are not the same volume, so there is no relative path.
@W [HLS-40] C:/Users/fr909/Desktop/pmcmc-1.0/ip_design/build/prj/my_project0 and r:/scratch/builds/2014.1/continuous/20140404125757/src/products are not the same volume, so there is no relative path.
@W [HLS-40] C:/Users/fr909/Desktop/pmcmc-1.0/ip_design/build/prj/my_project0 and r:/scratch/builds/2014.1/continuous/20140404125757/src/products are not the same volume, so there is no relative path.
@W [HLS-40] C:/Users/fr909/Desktop/pmcmc-1.0/ip_design/build/prj/my_project0 and r:/scratch/builds/2014.1/continuous/20140404125757/src/products are not the same volume, so there is no relative path.
@W [HLS-40] C:/Users/fr909/Desktop/pmcmc-1.0/ip_design/build/prj/my_project0 and r:/scratch/builds/2014.1/continuous/20140404125757/src/products are not the same volume, so there is no relative path.
@W [HLS-40] C:/Users/fr909/Desktop/pmcmc-1.0/ip_design/build/prj/my_project0 and r:/scratch/builds/2014.1/continuous/20140404125757/src/products are not the same volume, so there is no relative path.
@W [HLS-40] C:/Users/fr909/Desktop/pmcmc-1.0/ip_design/build/prj/my_project0 and r:/scratch/builds/2014.1/continuous/20140404125757/src/products are not the same volume, so there is no relative path.
@W [HLS-40] C:/Users/fr909/Desktop/pmcmc-1.0/ip_design/build/prj/my_project0 and r:/scratch/builds/2014.1/continuous/20140404125757/src/products are not the same volume, so there is no relative path.
@W [HLS-40] C:/Users/fr909/Desktop/pmcmc-1.0/ip_design/build/prj/my_project0 and r:/scratch/builds/2014.1/continuous/20140404125757/src/products are not the same volume, so there is no relative path.
@W [HLS-40] C:/Users/fr909/Desktop/pmcmc-1.0/ip_design/build/prj/my_project0 and r:/scratch/builds/2014.1/continuous/20140404125757/src/products are not the same volume, so there is no relative path.
@W [HLS-40] C:/Users/fr909/Desktop/pmcmc-1.0/ip_design/build/prj/my_project0 and r:/scratch/builds/2014.1/continuous/20140404125757/src/products are not the same volume, so there is no relative path.
@W [HLS-40] C:/Users/fr909/Desktop/pmcmc-1.0/ip_design/build/prj/my_project0 and r:/scratch/builds/2014.1/continuous/20140404125757/src/products are not the same volume, so there is no relative path.
@W [HLS-40] C:/Users/fr909/Desktop/pmcmc-1.0/ip_design/build/prj/my_project0 and r:/scratch/builds/2014.1/continuous/20140404125757/src/products are not the same volume, so there is no relative path.
@W [HLS-40] C:/Users/fr909/Desktop/pmcmc-1.0/ip_design/build/prj/my_project0 and r:/scratch/builds/2014.1/continuous/20140404125757/src/products are not the same volume, so there is no relative path.
@W [HLS-40] C:/Users/fr909/Desktop/pmcmc-1.0/ip_design/build/prj/my_project0 and r:/scratch/builds/2014.1/continuous/20140404125757/src/products are not the same volume, so there is no relative path.
@W [HLS-40] C:/Users/fr909/Desktop/pmcmc-1.0/ip_design/build/prj/my_project0 and r:/scratch/builds/2014.1/continuous/20140404125757/src/products are not the same volume, so there is no relative path.
@W [HLS-40] C:/Users/fr909/Desktop/pmcmc-1.0/ip_design/build/prj/my_project0 and r:/scratch/builds/2014.1/continuous/20140404125757/src/products are not the same volume, so there is no relative path.
@W [HLS-40] C:/Users/fr909/Desktop/pmcmc-1.0/ip_design/build/prj/my_project0 and r:/scratch/builds/2014.1/continuous/20140404125757/src/products are not the same volume, so there is no relative path.
@W [HLS-40] C:/Users/fr909/Desktop/pmcmc-1.0/ip_design/build/prj/my_project0 and r:/scratch/builds/2014.1/continuous/20140404125757/src/products are not the same volume, so there is no relative path.
@W [HLS-40] C:/Users/fr909/Desktop/pmcmc-1.0/ip_design/build/prj/my_project0 and r:/scratch/builds/2014.1/continuous/20140404125757/src/products are not the same volume, so there is no relative path.
@W [HLS-40] C:/Users/fr909/Desktop/pmcmc-1.0/ip_design/build/prj/my_project0 and r:/scratch/builds/2014.1/continuous/20140404125757/src/products are not the same volume, so there is no relative path.
@W [HLS-40] C:/Users/fr909/Desktop/pmcmc-1.0/ip_design/build/prj/my_project0 and r:/scratch/builds/2014.1/continuous/20140404125757/src/products are not the same volume, so there is no relative path.
@W [HLS-40] C:/Users/fr909/Desktop/pmcmc-1.0/ip_design/build/prj/my_project0 and r:/scratch/builds/2014.1/continuous/20140404125757/src/products are not the same volume, so there is no relative path.
@W [HLS-40] C:/Users/fr909/Desktop/pmcmc-1.0/ip_design/build/prj/my_project0 and r:/scratch/builds/2014.1/continuous/20140404125757/src/products are not the same volume, so there is no relative path.
@W [HLS-40] C:/Users/fr909/Desktop/pmcmc-1.0/ip_design/build/prj/my_project0 and r:/scratch/builds/2014.1/continuous/20140404125757/src/products are not the same volume, so there is no relative path.
@W [HLS-40] C:/Users/fr909/Desktop/pmcmc-1.0/ip_design/build/prj/my_project0 and r:/scratch/builds/2014.1/continuous/20140404125757/src/products are not the same volume, so there is no relative path.
@W [HLS-40] C:/Users/fr909/Desktop/pmcmc-1.0/ip_design/build/prj/my_project0 and r:/scratch/builds/2014.1/continuous/20140404125757/src/products are not the same volume, so there is no relative path.
@W [HLS-40] C:/Users/fr909/Desktop/pmcmc-1.0/ip_design/build/prj/my_project0 and r:/scratch/builds/2014.1/continuous/20140404125757/src/products are not the same volume, so there is no relative path.
@W [HLS-40] C:/Users/fr909/Desktop/pmcmc-1.0/ip_design/build/prj/my_project0 and r:/scratch/builds/2014.1/continuous/20140404125757/src/products are not the same volume, so there is no relative path.
@W [HLS-40] C:/Users/fr909/Desktop/pmcmc-1.0/ip_design/build/prj/my_project0 and r:/scratch/builds/2014.1/continuous/20140404125757/src/products are not the same volume, so there is no relative path.
@W [HLS-40] C:/Users/fr909/Desktop/pmcmc-1.0/ip_design/build/prj/my_project0 and r:/scratch/builds/2014.1/continuous/20140404125757/src/products are not the same volume, so there is no relative path.
@W [HLS-40] C:/Users/fr909/Desktop/pmcmc-1.0/ip_design/build/prj/my_project0 and r:/scratch/builds/2014.1/continuous/20140404125757/src/products are not the same volume, so there is no relative path.
@W [HLS-40] C:/Users/fr909/Desktop/pmcmc-1.0/ip_design/build/prj/my_project0 and r:/scratch/builds/2014.1/continuous/20140404125757/src/products are not the same volume, so there is no relative path.
@W [HLS-40] C:/Users/fr909/Desktop/pmcmc-1.0/ip_design/build/prj/my_project0 and r:/scratch/builds/2014.1/continuous/20140404125757/src/products are not the same volume, so there is no relative path.
@W [HLS-40] C:/Users/fr909/Desktop/pmcmc-1.0/ip_design/build/prj/my_project0 and r:/scratch/builds/2014.1/continuous/20140404125757/src/products are not the same volume, so there is no relative path.
@W [HLS-40] C:/Users/fr909/Desktop/pmcmc-1.0/ip_design/build/prj/my_project0 and r:/scratch/builds/2014.1/continuous/20140404125757/src/products are not the same volume, so there is no relative path.
@W [HLS-40] C:/Users/fr909/Desktop/pmcmc-1.0/ip_design/build/prj/my_project0 and r:/scratch/builds/2014.1/continuous/20140404125757/src/products are not the same volume, so there is no relative path.
@W [HLS-40] C:/Users/fr909/Desktop/pmcmc-1.0/ip_design/build/prj/my_project0 and r:/scratch/builds/2014.1/continuous/20140404125757/src/products are not the same volume, so there is no relative path.
@W [HLS-40] C:/Users/fr909/Desktop/pmcmc-1.0/ip_design/build/prj/my_project0 and r:/scratch/builds/2014.1/continuous/20140404125757/src/products are not the same volume, so there is no relative path.
@W [HLS-40] C:/Users/fr909/Desktop/pmcmc-1.0/ip_design/build/prj/my_project0 and r:/scratch/builds/2014.1/continuous/20140404125757/src/products are not the same volume, so there is no relative path.
@W [HLS-40] C:/Users/fr909/Desktop/pmcmc-1.0/ip_design/build/prj/my_project0 and r:/scratch/builds/2014.1/continuous/20140404125757/src/products are not the same volume, so there is no relative path.
@W [HLS-40] C:/Users/fr909/Desktop/pmcmc-1.0/ip_design/build/prj/my_project0 and r:/scratch/builds/2014.1/continuous/20140404125757/src/products are not the same volume, so there is no relative path.
@W [HLS-40] C:/Users/fr909/Desktop/pmcmc-1.0/ip_design/build/prj/my_project0 and r:/scratch/builds/2014.1/continuous/20140404125757/src/products are not the same volume, so there is no relative path.
@W [HLS-40] C:/Users/fr909/Desktop/pmcmc-1.0/ip_design/build/prj/my_project0 and r:/scratch/builds/2014.1/continuous/20140404125757/src/products are not the same volume, so there is no relative path.
@W [HLS-40] C:/Users/fr909/Desktop/pmcmc-1.0/ip_design/build/prj/my_project0 and r:/scratch/builds/2014.1/continuous/20140404125757/src/products are not the same volume, so there is no relative path.
@W [HLS-40] C:/Users/fr909/Desktop/pmcmc-1.0/ip_design/build/prj/my_project0 and r:/scratch/builds/2014.1/continuous/20140404125757/src/products are not the same volume, so there is no relative path.
@W [HLS-40] C:/Users/fr909/Desktop/pmcmc-1.0/ip_design/build/prj/my_project0 and r:/scratch/builds/2014.1/continuous/20140404125757/src/products are not the same volume, so there is no relative path.
@W [HLS-40] C:/Users/fr909/Desktop/pmcmc-1.0/ip_design/build/prj/my_project0 and r:/scratch/builds/2014.1/continuous/20140404125757/src/products are not the same volume, so there is no relative path.
@W [HLS-40] C:/Users/fr909/Desktop/pmcmc-1.0/ip_design/build/prj/my_project0 and r:/scratch/builds/2014.1/continuous/20140404125757/src/products are not the same volume, so there is no relative path.
@W [HLS-40] C:/Users/fr909/Desktop/pmcmc-1.0/ip_design/build/prj/my_project0 and r:/scratch/builds/2014.1/continuous/20140404125757/src/products are not the same volume, so there is no relative path.
@W [HLS-40] C:/Users/fr909/Desktop/pmcmc-1.0/ip_design/build/prj/my_project0 and r:/scratch/builds/2014.1/continuous/20140404125757/src/products are not the same volume, so there is no relative path.
@W [HLS-40] C:/Users/fr909/Desktop/pmcmc-1.0/ip_design/build/prj/my_project0 and r:/scratch/builds/2014.1/continuous/20140404125757/src/products are not the same volume, so there is no relative path.
@W [HLS-40] C:/Users/fr909/Desktop/pmcmc-1.0/ip_design/build/prj/my_project0 and r:/scratch/builds/2014.1/continuous/20140404125757/src/products are not the same volume, so there is no relative path.
@W [HLS-40] C:/Users/fr909/Desktop/pmcmc-1.0/ip_design/build/prj/my_project0 and r:/scratch/builds/2014.1/continuous/20140404125757/src/products are not the same volume, so there is no relative path.
@W [HLS-40] C:/Users/fr909/Desktop/pmcmc-1.0/ip_design/build/prj/my_project0 and r:/scratch/builds/2014.1/continuous/20140404125757/src/products are not the same volume, so there is no relative path.
@W [HLS-40] C:/Users/fr909/Desktop/pmcmc-1.0/ip_design/build/prj/my_project0 and r:/scratch/builds/2014.1/continuous/20140404125757/src/products are not the same volume, so there is no relative path.
@W [HLS-40] C:/Users/fr909/Desktop/pmcmc-1.0/ip_design/build/prj/my_project0 and r:/scratch/builds/2014.1/continuous/20140404125757/src/products are not the same volume, so there is no relative path.
@W [HLS-40] C:/Users/fr909/Desktop/pmcmc-1.0/ip_design/build/prj/my_project0 and r:/scratch/builds/2014.1/continuous/20140404125757/src/products are not the same volume, so there is no relative path.
@W [HLS-40] C:/Users/fr909/Desktop/pmcmc-1.0/ip_design/build/prj/my_project0 and r:/scratch/builds/2014.1/continuous/20140404125757/src/products are not the same volume, so there is no relative path.
@W [HLS-40] C:/Users/fr909/Desktop/pmcmc-1.0/ip_design/build/prj/my_project0 and r:/scratch/builds/2014.1/continuous/20140404125757/src/products are not the same volume, so there is no relative path.
@W [HLS-40] C:/Users/fr909/Desktop/pmcmc-1.0/ip_design/build/prj/my_project0 and r:/scratch/builds/2014.1/continuous/20140404125757/src/products are not the same volume, so there is no relative path.
@W [HLS-40] C:/Users/fr909/Desktop/pmcmc-1.0/ip_design/build/prj/my_project0 and r:/scratch/builds/2014.1/continuous/20140404125757/src/products are not the same volume, so there is no relative path.
@W [HLS-40] C:/Users/fr909/Desktop/pmcmc-1.0/ip_design/build/prj/my_project0 and r:/scratch/builds/2014.1/continuous/20140404125757/src/products are not the same volume, so there is no relative path.
@W [HLS-40] C:/Users/fr909/Desktop/pmcmc-1.0/ip_design/build/prj/my_project0 and r:/scratch/builds/2014.1/continuous/20140404125757/src/products are not the same volume, so there is no relative path.
@W [HLS-40] C:/Users/fr909/Desktop/pmcmc-1.0/ip_design/build/prj/my_project0 and r:/scratch/builds/2014.1/continuous/20140404125757/src/products are not the same volume, so there is no relative path.
@W [HLS-40] C:/Users/fr909/Desktop/pmcmc-1.0/ip_design/build/prj/my_project0 and r:/scratch/builds/2014.1/continuous/20140404125757/src/products are not the same volume, so there is no relative path.
@W [HLS-40] C:/Users/fr909/Desktop/pmcmc-1.0/ip_design/build/prj/my_project0 and r:/scratch/builds/2014.1/continuous/20140404125757/src/products are not the same volume, so there is no relative path.
@W [HLS-40] C:/Users/fr909/Desktop/pmcmc-1.0/ip_design/build/prj/my_project0 and r:/scratch/builds/2014.1/continuous/20140404125757/src/products are not the same volume, so there is no relative path.
@W [HLS-40] C:/Users/fr909/Desktop/pmcmc-1.0/ip_design/build/prj/my_project0 and r:/scratch/builds/2014.1/continuous/20140404125757/src/products are not the same volume, so there is no relative path.
@W [HLS-40] C:/Users/fr909/Desktop/pmcmc-1.0/ip_design/build/prj/my_project0 and r:/scratch/builds/2014.1/continuous/20140404125757/src/products are not the same volume, so there is no relative path.
@W [HLS-40] C:/Users/fr909/Desktop/pmcmc-1.0/ip_design/build/prj/my_project0 and r:/scratch/builds/2014.1/continuous/20140404125757/src/products are not the same volume, so there is no relative path.
@W [HLS-40] C:/Users/fr909/Desktop/pmcmc-1.0/ip_design/build/prj/my_project0 and r:/scratch/builds/2014.1/continuous/20140404125757/src/products are not the same volume, so there is no relative path.
@W [HLS-40] C:/Users/fr909/Desktop/pmcmc-1.0/ip_design/build/prj/my_project0 and r:/scratch/builds/2014.1/continuous/20140404125757/src/products are not the same volume, so there is no relative path.
@W [HLS-40] C:/Users/fr909/Desktop/pmcmc-1.0/ip_design/build/prj/my_project0 and r:/scratch/builds/2014.1/continuous/20140404125757/src/products are not the same volume, so there is no relative path.
@W [HLS-40] C:/Users/fr909/Desktop/pmcmc-1.0/ip_design/build/prj/my_project0 and r:/scratch/builds/2014.1/continuous/20140404125757/src/products are not the same volume, so there is no relative path.
@W [HLS-40] C:/Users/fr909/Desktop/pmcmc-1.0/ip_design/build/prj/my_project0 and r:/scratch/builds/2014.1/continuous/20140404125757/src/products are not the same volume, so there is no relative path.
@W [HLS-40] C:/Users/fr909/Desktop/pmcmc-1.0/ip_design/build/prj/my_project0 and r:/scratch/builds/2014.1/continuous/20140404125757/src/products are not the same volume, so there is no relative path.
@W [HLS-40] C:/Users/fr909/Desktop/pmcmc-1.0/ip_design/build/prj/my_project0 and r:/scratch/builds/2014.1/continuous/20140404125757/src/products are not the same volume, so there is no relative path.
@W [HLS-40] C:/Users/fr909/Desktop/pmcmc-1.0/ip_design/build/prj/my_project0 and r:/scratch/builds/2014.1/continuous/20140404125757/src/products are not the same volume, so there is no relative path.
@W [HLS-40] C:/Users/fr909/Desktop/pmcmc-1.0/ip_design/build/prj/my_project0 and r:/scratch/builds/2014.1/continuous/20140404125757/src/products are not the same volume, so there is no relative path.
@W [HLS-40] C:/Users/fr909/Desktop/pmcmc-1.0/ip_design/build/prj/my_project0 and r:/scratch/builds/2014.1/continuous/20140404125757/src/products are not the same volume, so there is no relative path.
@W [HLS-40] C:/Users/fr909/Desktop/pmcmc-1.0/ip_design/build/prj/my_project0 and r:/scratch/builds/2014.1/continuous/20140404125757/src/products are not the same volume, so there is no relative path.
@W [HLS-40] C:/Users/fr909/Desktop/pmcmc-1.0/ip_design/build/prj/my_project0 and r:/scratch/builds/2014.1/continuous/20140404125757/src/products are not the same volume, so there is no relative path.
@W [HLS-40] C:/Users/fr909/Desktop/pmcmc-1.0/ip_design/build/prj/my_project0 and r:/scratch/builds/2014.1/continuous/20140404125757/src/products are not the same volume, so there is no relative path.
@W [HLS-40] C:/Users/fr909/Desktop/pmcmc-1.0/ip_design/build/prj/my_project0 and r:/scratch/builds/2014.1/continuous/20140404125757/src/products are not the same volume, so there is no relative path.
@W [HLS-40] C:/Users/fr909/Desktop/pmcmc-1.0/ip_design/build/prj/my_project0 and r:/scratch/builds/2014.1/continuous/20140404125757/src/products are not the same volume, so there is no relative path.
@W [HLS-40] C:/Users/fr909/Desktop/pmcmc-1.0/ip_design/build/prj/my_project0 and r:/scratch/builds/2014.1/continuous/20140404125757/src/products are not the same volume, so there is no relative path.
@W [HLS-40] C:/Users/fr909/Desktop/pmcmc-1.0/ip_design/build/prj/my_project0 and r:/scratch/builds/2014.1/continuous/20140404125757/src/products are not the same volume, so there is no relative path.
@W [HLS-40] C:/Users/fr909/Desktop/pmcmc-1.0/ip_design/build/prj/my_project0 and r:/scratch/builds/2014.1/continuous/20140404125757/src/products are not the same volume, so there is no relative path.
@W [HLS-40] C:/Users/fr909/Desktop/pmcmc-1.0/ip_design/build/prj/my_project0 and r:/scratch/builds/2014.1/continuous/20140404125757/src/products are not the same volume, so there is no relative path.
@W [HLS-40] C:/Users/fr909/Desktop/pmcmc-1.0/ip_design/build/prj/my_project0 and r:/scratch/builds/2014.1/continuous/20140404125757/src/products are not the same volume, so there is no relative path.
@W [HLS-40] C:/Users/fr909/Desktop/pmcmc-1.0/ip_design/build/prj/my_project0 and r:/scratch/builds/2014.1/continuous/20140404125757/src/products are not the same volume, so there is no relative path.
@W [HLS-40] C:/Users/fr909/Desktop/pmcmc-1.0/ip_design/build/prj/my_project0 and r:/scratch/builds/2014.1/continuous/20140404125757/src/products are not the same volume, so there is no relative path.
@W [HLS-40] C:/Users/fr909/Desktop/pmcmc-1.0/ip_design/build/prj/my_project0 and r:/scratch/builds/2014.1/continuous/20140404125757/src/products are not the same volume, so there is no relative path.
@W [HLS-40] C:/Users/fr909/Desktop/pmcmc-1.0/ip_design/build/prj/my_project0 and r:/scratch/builds/2014.1/continuous/20140404125757/src/products are not the same volume, so there is no relative path.
@W [HLS-40] C:/Users/fr909/Desktop/pmcmc-1.0/ip_design/build/prj/my_project0 and r:/scratch/builds/2014.1/continuous/20140404125757/src/products are not the same volume, so there is no relative path.
@W [HLS-40] C:/Users/fr909/Desktop/pmcmc-1.0/ip_design/build/prj/my_project0 and r:/scratch/builds/2014.1/continuous/20140404125757/src/products are not the same volume, so there is no relative path.
@W [HLS-40] C:/Users/fr909/Desktop/pmcmc-1.0/ip_design/build/prj/my_project0 and r:/scratch/builds/2014.1/continuous/20140404125757/src/products are not the same volume, so there is no relative path.
@W [HLS-40] C:/Users/fr909/Desktop/pmcmc-1.0/ip_design/build/prj/my_project0 and r:/scratch/builds/2014.1/continuous/20140404125757/src/products are not the same volume, so there is no relative path.
@W [HLS-40] C:/Users/fr909/Desktop/pmcmc-1.0/ip_design/build/prj/my_project0 and r:/scratch/builds/2014.1/continuous/20140404125757/src/products are not the same volume, so there is no relative path.
@W [HLS-40] C:/Users/fr909/Desktop/pmcmc-1.0/ip_design/build/prj/my_project0 and r:/scratch/builds/2014.1/continuous/20140404125757/src/products are not the same volume, so there is no relative path.
@W [HLS-40] C:/Users/fr909/Desktop/pmcmc-1.0/ip_design/build/prj/my_project0 and r:/scratch/builds/2014.1/continuous/20140404125757/src/products are not the same volume, so there is no relative path.
@W [HLS-40] C:/Users/fr909/Desktop/pmcmc-1.0/ip_design/build/prj/my_project0 and r:/scratch/builds/2014.1/continuous/20140404125757/src/products are not the same volume, so there is no relative path.
@W [HLS-40] C:/Users/fr909/Desktop/pmcmc-1.0/ip_design/build/prj/my_project0 and r:/scratch/builds/2014.1/continuous/20140404125757/src/products are not the same volume, so there is no relative path.
@W [HLS-40] C:/Users/fr909/Desktop/pmcmc-1.0/ip_design/build/prj/my_project0 and r:/scratch/builds/2014.1/continuous/20140404125757/src/products are not the same volume, so there is no relative path.
@W [HLS-40] C:/Users/fr909/Desktop/pmcmc-1.0/ip_design/build/prj/my_project0 and r:/scratch/builds/2014.1/continuous/20140404125757/src/products are not the same volume, so there is no relative path.
@W [HLS-40] C:/Users/fr909/Desktop/pmcmc-1.0/ip_design/build/prj/my_project0 and r:/scratch/builds/2014.1/continuous/20140404125757/src/products are not the same volume, so there is no relative path.
@W [HLS-40] C:/Users/fr909/Desktop/pmcmc-1.0/ip_design/build/prj/my_project0 and r:/scratch/builds/2014.1/continuous/20140404125757/src/products are not the same volume, so there is no relative path.
@W [HLS-40] C:/Users/fr909/Desktop/pmcmc-1.0/ip_design/build/prj/my_project0 and r:/scratch/builds/2014.1/continuous/20140404125757/src/products are not the same volume, so there is no relative path.
@W [HLS-40] C:/Users/fr909/Desktop/pmcmc-1.0/ip_design/build/prj/my_project0 and r:/scratch/builds/2014.1/continuous/20140404125757/src/products are not the same volume, so there is no relative path.
@W [HLS-40] C:/Users/fr909/Desktop/pmcmc-1.0/ip_design/build/prj/my_project0 and r:/scratch/builds/2014.1/continuous/20140404125757/src/products are not the same volume, so there is no relative path.
@W [HLS-40] C:/Users/fr909/Desktop/pmcmc-1.0/ip_design/build/prj/my_project0 and r:/scratch/builds/2014.1/continuous/20140404125757/src/products are not the same volume, so there is no relative path.
@W [HLS-40] C:/Users/fr909/Desktop/pmcmc-1.0/ip_design/build/prj/my_project0 and r:/scratch/builds/2014.1/continuous/20140404125757/src/products are not the same volume, so there is no relative path.
@W [HLS-40] C:/Users/fr909/Desktop/pmcmc-1.0/ip_design/build/prj/my_project0 and r:/scratch/builds/2014.1/continuous/20140404125757/src/products are not the same volume, so there is no relative path.
@W [HLS-40] C:/Users/fr909/Desktop/pmcmc-1.0/ip_design/build/prj/my_project0 and r:/scratch/builds/2014.1/continuous/20140404125757/src/products are not the same volume, so there is no relative path.
@W [HLS-40] C:/Users/fr909/Desktop/pmcmc-1.0/ip_design/build/prj/my_project0 and r:/scratch/builds/2014.1/continuous/20140404125757/src/products are not the same volume, so there is no relative path.
@W [HLS-40] C:/Users/fr909/Desktop/pmcmc-1.0/ip_design/build/prj/my_project0 and r:/scratch/builds/2014.1/continuous/20140404125757/src/products are not the same volume, so there is no relative path.
@W [HLS-40] C:/Users/fr909/Desktop/pmcmc-1.0/ip_design/build/prj/my_project0 and r:/scratch/builds/2014.1/continuous/20140404125757/src/products are not the same volume, so there is no relative path.
@W [HLS-40] C:/Users/fr909/Desktop/pmcmc-1.0/ip_design/build/prj/my_project0 and r:/scratch/builds/2014.1/continuous/20140404125757/src/products are not the same volume, so there is no relative path.
@W [HLS-40] C:/Users/fr909/Desktop/pmcmc-1.0/ip_design/build/prj/my_project0 and r:/scratch/builds/2014.1/continuous/20140404125757/src/products are not the same volume, so there is no relative path.
@W [HLS-40] C:/Users/fr909/Desktop/pmcmc-1.0/ip_design/build/prj/my_project0 and r:/scratch/builds/2014.1/continuous/20140404125757/src/products are not the same volume, so there is no relative path.
@W [HLS-40] C:/Users/fr909/Desktop/pmcmc-1.0/ip_design/build/prj/my_project0 and r:/scratch/builds/2014.1/continuous/20140404125757/src/products are not the same volume, so there is no relative path.
@W [HLS-40] C:/Users/fr909/Desktop/pmcmc-1.0/ip_design/build/prj/my_project0 and r:/scratch/builds/2014.1/continuous/20140404125757/src/products are not the same volume, so there is no relative path.
@W [HLS-40] C:/Users/fr909/Desktop/pmcmc-1.0/ip_design/build/prj/my_project0 and r:/scratch/builds/2014.1/continuous/20140404125757/src/products are not the same volume, so there is no relative path.
@W [HLS-40] C:/Users/fr909/Desktop/pmcmc-1.0/ip_design/build/prj/my_project0 and r:/scratch/builds/2014.1/continuous/20140404125757/src/products are not the same volume, so there is no relative path.
@W [HLS-40] C:/Users/fr909/Desktop/pmcmc-1.0/ip_design/build/prj/my_project0 and r:/scratch/builds/2014.1/continuous/20140404125757/src/products are not the same volume, so there is no relative path.
@W [HLS-40] C:/Users/fr909/Desktop/pmcmc-1.0/ip_design/build/prj/my_project0 and r:/scratch/builds/2014.1/continuous/20140404125757/src/products are not the same volume, so there is no relative path.
@W [HLS-40] C:/Users/fr909/Desktop/pmcmc-1.0/ip_design/build/prj/my_project0 and r:/scratch/builds/2014.1/continuous/20140404125757/src/products are not the same volume, so there is no relative path.
@W [HLS-40] C:/Users/fr909/Desktop/pmcmc-1.0/ip_design/build/prj/my_project0 and r:/scratch/builds/2014.1/continuous/20140404125757/src/products are not the same volume, so there is no relative path.
@W [HLS-40] C:/Users/fr909/Desktop/pmcmc-1.0/ip_design/build/prj/my_project0 and r:/scratch/builds/2014.1/continuous/20140404125757/src/products are not the same volume, so there is no relative path.
@W [HLS-40] C:/Users/fr909/Desktop/pmcmc-1.0/ip_design/build/prj/my_project0 and r:/scratch/builds/2014.1/continuous/20140404125757/src/products are not the same volume, so there is no relative path.
@W [HLS-40] C:/Users/fr909/Desktop/pmcmc-1.0/ip_design/build/prj/my_project0 and r:/scratch/builds/2014.1/continuous/20140404125757/src/products are not the same volume, so there is no relative path.
@I [HLS-10] ----------------------------------------------------------------
@I [HLS-10] -- Generating RTL for module 'gammalog' 
@I [HLS-10] ----------------------------------------------------------------
@I [RTGEN-100] Generating core module 'foo_faddfsub_32ns_32ns_32_8_full_dsp': 1 instance(s).
@I [RTGEN-100] Generating core module 'foo_fcmp_32ns_32ns_1_3': 3 instance(s).
@I [RTGEN-100] Generating core module 'foo_fdiv_32ns_32ns_32_16': 1 instance(s).
@I [RTGEN-100] Generating core module 'foo_flog_32ns_32ns_32_14_full_dsp': 1 instance(s).
@I [RTGEN-100] Generating core module 'foo_fmul_32ns_32ns_32_4_max_dsp': 1 instance(s).
@I [RTGEN-100] Finished creating RTL model for 'gammalog'.
@I [HLS-111] Elapsed time: 42.649 seconds; current memory usage: 1.12 GB.
@I [HLS-10] ----------------------------------------------------------------
@I [HLS-10] -- Generating RTL for module 'mcmc_iteration' 
@I [HLS-10] ----------------------------------------------------------------
@I [RTGEN-100] Generating core module 'foo_dmul_64ns_64ns_64_9_max_dsp': 1 instance(s).
@I [RTGEN-100] Generating core module 'foo_faddfsub_32ns_32ns_32_8_full_dsp': 1 instance(s).
@I [RTGEN-100] Generating core module 'foo_fcmp_32ns_32ns_1_3': 1 instance(s).
@I [RTGEN-100] Generating core module 'foo_fdiv_32ns_32ns_32_16': 2 instance(s).
@I [RTGEN-100] Generating core module 'foo_fexp_32ns_32ns_32_13_full_dsp': 1 instance(s).
@I [RTGEN-100] Generating core module 'foo_flog_32ns_32ns_32_14_full_dsp': 2 instance(s).
@I [RTGEN-100] Generating core module 'foo_fmul_32ns_32ns_32_4_max_dsp': 3 instance(s).
@I [RTGEN-100] Generating core module 'foo_fptrunc_64ns_32_3': 1 instance(s).
@I [RTGEN-100] Generating core module 'foo_fsub_32ns_32ns_32_8_full_dsp': 4 instance(s).
@I [RTGEN-100] Generating core module 'foo_uitodp_32ns_64_7': 1 instance(s).
@I [RTGEN-100] Finished creating RTL model for 'mcmc_iteration'.
@I [HLS-111] Elapsed time: 2.656 seconds; current memory usage: 1.14 GB.
@W [HLS-40] C:/Users/fr909/Desktop/pmcmc-1.0/ip_design/build/prj/my_project0 and r:/scratch/builds/2014.1/continuous/20140404125757/src/products are not the same volume, so there is no relative path.
@W [HLS-40] C:/Users/fr909/Desktop/pmcmc-1.0/ip_design/build/prj/my_project0 and r:/scratch/builds/2014.1/continuous/20140404125757/src/products are not the same volume, so there is no relative path.
@W [HLS-40] C:/Users/fr909/Desktop/pmcmc-1.0/ip_design/build/prj/my_project0 and r:/scratch/builds/2014.1/continuous/20140404125757/src/products are not the same volume, so there is no relative path.
@W [HLS-40] C:/Users/fr909/Desktop/pmcmc-1.0/ip_design/build/prj/my_project0 and r:/scratch/builds/2014.1/continuous/20140404125757/src/products are not the same volume, so there is no relative path.
@W [HLS-40] C:/Users/fr909/Desktop/pmcmc-1.0/ip_design/build/prj/my_project0 and r:/scratch/builds/2014.1/continuous/20140404125757/src/products are not the same volume, so there is no relative path.
@W [HLS-40] C:/Users/fr909/Desktop/pmcmc-1.0/ip_design/build/prj/my_project0 and r:/scratch/builds/2014.1/continuous/20140404125757/src/products are not the same volume, so there is no relative path.
@W [HLS-40] C:/Users/fr909/Desktop/pmcmc-1.0/ip_design/build/prj/my_project0 and r:/scratch/builds/2014.1/continuous/20140404125757/src/products are not the same volume, so there is no relative path.
@W [HLS-40] C:/Users/fr909/Desktop/pmcmc-1.0/ip_design/build/prj/my_project0 and r:/scratch/builds/2014.1/continuous/20140404125757/src/products are not the same volume, so there is no relative path.
@W [HLS-40] C:/Users/fr909/Desktop/pmcmc-1.0/ip_design/build/prj/my_project0 and r:/scratch/builds/2014.1/continuous/20140404125757/src/products are not the same volume, so there is no relative path.
@W [HLS-40] C:/Users/fr909/Desktop/pmcmc-1.0/ip_design/build/prj/my_project0 and r:/scratch/builds/2014.1/continuous/20140404125757/src/products are not the same volume, so there is no relative path.
@W [HLS-40] C:/Users/fr909/Desktop/pmcmc-1.0/ip_design/build/prj/my_project0 and r:/scratch/builds/2014.1/continuous/20140404125757/src/products are not the same volume, so there is no relative path.
@W [HLS-40] C:/Users/fr909/Desktop/pmcmc-1.0/ip_design/build/prj/my_project0 and r:/scratch/builds/2014.1/continuous/20140404125757/src/products are not the same volume, so there is no relative path.
@W [HLS-40] C:/Users/fr909/Desktop/pmcmc-1.0/ip_design/build/prj/my_project0 and r:/scratch/builds/2014.1/continuous/20140404125757/src/products are not the same volume, so there is no relative path.
@W [HLS-40] C:/Users/fr909/Desktop/pmcmc-1.0/ip_design/build/prj/my_project0 and r:/scratch/builds/2014.1/continuous/20140404125757/src/products are not the same volume, so there is no relative path.
@W [HLS-40] C:/Users/fr909/Desktop/pmcmc-1.0/ip_design/build/prj/my_project0 and r:/scratch/builds/2014.1/continuous/20140404125757/src/products are not the same volume, so there is no relative path.
@W [HLS-40] C:/Users/fr909/Desktop/pmcmc-1.0/ip_design/build/prj/my_project0 and r:/scratch/builds/2014.1/continuous/20140404125757/src/products are not the same volume, so there is no relative path.
@I [HLS-10] ----------------------------------------------------------------
@I [HLS-10] -- Generating RTL for module 'foo' 
@I [HLS-10] ----------------------------------------------------------------
@I [RTGEN-500] Setting interface mode on port 'foo/memory_inout' to 'ap_bus'.
@I [RTGEN-500] Setting interface mode on port 'foo/byte_inputs_in_offset' to 'ap_none' (register).
@I [RTGEN-500] Setting interface mode on port 'foo/byte_outputs_out_offset' to 'ap_none' (register).
@I [RTGEN-500] Setting interface mode on function 'foo' to 'ap_ctrl_hs'.
@I [RTGEN-100] Generating core module 'foo_flog_32ns_32ns_32_14_full_dsp': 1 instance(s).
@I [RTGEN-100] Generating core module 'foo_mul_32s_32s_32_6': 1 instance(s).
@I [RTGEN-100] Finished creating RTL model for 'foo'.
@I [HLS-111] Elapsed time: 4.503 seconds; current memory usage: 1.16 GB.
@W [HLS-40] C:/Users/fr909/Desktop/pmcmc-1.0/ip_design/build/prj/my_project0 and r:/scratch/builds/2014.1/continuous/20140404125757/src/products are not the same volume, so there is no relative path.
@W [HLS-40] C:/Users/fr909/Desktop/pmcmc-1.0/ip_design/build/prj/my_project0 and r:/scratch/builds/2014.1/continuous/20140404125757/src/products are not the same volume, so there is no relative path.
@W [HLS-40] C:/Users/fr909/Desktop/pmcmc-1.0/ip_design/build/prj/my_project0 and r:/scratch/builds/2014.1/continuous/20140404125757/src/products are not the same volume, so there is no relative path.
@W [HLS-40] C:/Users/fr909/Desktop/pmcmc-1.0/ip_design/build/prj/my_project0 and r:/scratch/builds/2014.1/continuous/20140404125757/src/products are not the same volume, so there is no relative path.
@W [HLS-40] C:/Users/fr909/Desktop/pmcmc-1.0/ip_design/build/prj/my_project0 and r:/scratch/builds/2014.1/continuous/20140404125757/src/products are not the same volume, so there is no relative path.
@W [HLS-40] C:/Users/fr909/Desktop/pmcmc-1.0/ip_design/build/prj/my_project0 and r:/scratch/builds/2014.1/continuous/20140404125757/src/products are not the same volume, so there is no relative path.
@W [HLS-40] C:/Users/fr909/Desktop/pmcmc-1.0/ip_design/build/prj/my_project0 and r:/scratch/builds/2014.1/continuous/20140404125757/src/products are not the same volume, so there is no relative path.
@W [HLS-40] C:/Users/fr909/Desktop/pmcmc-1.0/ip_design/build/prj/my_project0 and r:/scratch/builds/2014.1/continuous/20140404125757/src/products are not the same volume, so there is no relative path.
@W [HLS-40] C:/Users/fr909/Desktop/pmcmc-1.0/ip_design/build/prj/my_project0 and r:/scratch/builds/2014.1/continuous/20140404125757/src/products are not the same volume, so there is no relative path.
@W [HLS-40] C:/Users/fr909/Desktop/pmcmc-1.0/ip_design/build/prj/my_project0 and r:/scratch/builds/2014.1/continuous/20140404125757/src/products are not the same volume, so there is no relative path.
@W [HLS-40] C:/Users/fr909/Desktop/pmcmc-1.0/ip_design/build/prj/my_project0 and r:/scratch/builds/2014.1/continuous/20140404125757/src/products are not the same volume, so there is no relative path.
@W [HLS-40] C:/Users/fr909/Desktop/pmcmc-1.0/ip_design/build/prj/my_project0 and r:/scratch/builds/2014.1/continuous/20140404125757/src/products are not the same volume, so there is no relative path.
@W [HLS-40] C:/Users/fr909/Desktop/pmcmc-1.0/ip_design/build/prj/my_project0 and r:/scratch/builds/2014.1/continuous/20140404125757/src/products are not the same volume, so there is no relative path.
@W [HLS-40] C:/Users/fr909/Desktop/pmcmc-1.0/ip_design/build/prj/my_project0 and r:/scratch/builds/2014.1/continuous/20140404125757/src/products are not the same volume, so there is no relative path.
@W [HLS-40] C:/Users/fr909/Desktop/pmcmc-1.0/ip_design/build/prj/my_project0 and r:/scratch/builds/2014.1/continuous/20140404125757/src/products are not the same volume, so there is no relative path.
@W [HLS-40] C:/Users/fr909/Desktop/pmcmc-1.0/ip_design/build/prj/my_project0 and r:/scratch/builds/2014.1/continuous/20140404125757/src/products are not the same volume, so there is no relative path.
@W [HLS-40] C:/Users/fr909/Desktop/pmcmc-1.0/ip_design/build/prj/my_project0 and r:/scratch/builds/2014.1/continuous/20140404125757/src/products are not the same volume, so there is no relative path.
@W [HLS-40] C:/Users/fr909/Desktop/pmcmc-1.0/ip_design/build/prj/my_project0 and r:/scratch/builds/2014.1/continuous/20140404125757/src/products are not the same volume, so there is no relative path.
@W [HLS-40] C:/Users/fr909/Desktop/pmcmc-1.0/ip_design/build/prj/my_project0 and r:/scratch/builds/2014.1/continuous/20140404125757/src/products are not the same volume, so there is no relative path.
@W [HLS-40] C:/Users/fr909/Desktop/pmcmc-1.0/ip_design/build/prj/my_project0 and r:/scratch/builds/2014.1/continuous/20140404125757/src/products are not the same volume, so there is no relative path.
@W [HLS-40] C:/Users/fr909/Desktop/pmcmc-1.0/ip_design/build/prj/my_project0 and r:/scratch/builds/2014.1/continuous/20140404125757/src/products are not the same volume, so there is no relative path.
@W [HLS-40] C:/Users/fr909/Desktop/pmcmc-1.0/ip_design/build/prj/my_project0 and r:/scratch/builds/2014.1/continuous/20140404125757/src/products are not the same volume, so there is no relative path.
@W [HLS-40] C:/Users/fr909/Desktop/pmcmc-1.0/ip_design/build/prj/my_project0 and r:/scratch/builds/2014.1/continuous/20140404125757/src/products are not the same volume, so there is no relative path.
@W [HLS-40] C:/Users/fr909/Desktop/pmcmc-1.0/ip_design/build/prj/my_project0 and r:/scratch/builds/2014.1/continuous/20140404125757/src/products are not the same volume, so there is no relative path.
@W [HLS-40] C:/Users/fr909/Desktop/pmcmc-1.0/ip_design/build/prj/my_project0 and r:/scratch/builds/2014.1/continuous/20140404125757/src/products are not the same volume, so there is no relative path.
@W [HLS-40] C:/Users/fr909/Desktop/pmcmc-1.0/ip_design/build/prj/my_project0 and r:/scratch/builds/2014.1/continuous/20140404125757/src/products are not the same volume, so there is no relative path.
@W [HLS-40] C:/Users/fr909/Desktop/pmcmc-1.0/ip_design/build/prj/my_project0 and r:/scratch/builds/2014.1/continuous/20140404125757/src/products are not the same volume, so there is no relative path.
@W [HLS-40] C:/Users/fr909/Desktop/pmcmc-1.0/ip_design/build/prj/my_project0 and r:/scratch/builds/2014.1/continuous/20140404125757/src/products are not the same volume, so there is no relative path.
@W [HLS-40] C:/Users/fr909/Desktop/pmcmc-1.0/ip_design/build/prj/my_project0 and r:/scratch/builds/2014.1/continuous/20140404125757/src/products are not the same volume, so there is no relative path.
@W [HLS-40] C:/Users/fr909/Desktop/pmcmc-1.0/ip_design/build/prj/my_project0 and r:/scratch/builds/2014.1/continuous/20140404125757/src/products are not the same volume, so there is no relative path.
@W [HLS-40] C:/Users/fr909/Desktop/pmcmc-1.0/ip_design/build/prj/my_project0 and r:/scratch/builds/2014.1/continuous/20140404125757/src/products are not the same volume, so there is no relative path.
@W [HLS-40] C:/Users/fr909/Desktop/pmcmc-1.0/ip_design/build/prj/my_project0 and r:/scratch/builds/2014.1/continuous/20140404125757/src/products are not the same volume, so there is no relative path.
@W [HLS-40] C:/Users/fr909/Desktop/pmcmc-1.0/ip_design/build/prj/my_project0 and r:/scratch/builds/2014.1/continuous/20140404125757/src/products are not the same volume, so there is no relative path.
@W [HLS-40] C:/Users/fr909/Desktop/pmcmc-1.0/ip_design/build/prj/my_project0 and r:/scratch/builds/2014.1/continuous/20140404125757/src/products are not the same volume, so there is no relative path.
@W [HLS-40] C:/Users/fr909/Desktop/pmcmc-1.0/ip_design/build/prj/my_project0 and r:/scratch/builds/2014.1/continuous/20140404125757/src/products are not the same volume, so there is no relative path.
@W [HLS-40] C:/Users/fr909/Desktop/pmcmc-1.0/ip_design/build/prj/my_project0 and r:/scratch/builds/2014.1/continuous/20140404125757/src/products are not the same volume, so there is no relative path.
@W [HLS-40] C:/Users/fr909/Desktop/pmcmc-1.0/ip_design/build/prj/my_project0 and r:/scratch/builds/2014.1/continuous/20140404125757/src/products are not the same volume, so there is no relative path.
@W [HLS-40] C:/Users/fr909/Desktop/pmcmc-1.0/ip_design/build/prj/my_project0 and r:/scratch/builds/2014.1/continuous/20140404125757/src/products are not the same volume, so there is no relative path.
@W [HLS-40] C:/Users/fr909/Desktop/pmcmc-1.0/ip_design/build/prj/my_project0 and r:/scratch/builds/2014.1/continuous/20140404125757/src/products are not the same volume, so there is no relative path.
@W [HLS-40] C:/Users/fr909/Desktop/pmcmc-1.0/ip_design/build/prj/my_project0 and r:/scratch/builds/2014.1/continuous/20140404125757/src/products are not the same volume, so there is no relative path.
@W [HLS-40] C:/Users/fr909/Desktop/pmcmc-1.0/ip_design/build/prj/my_project0 and r:/scratch/builds/2014.1/continuous/20140404125757/src/products are not the same volume, so there is no relative path.
@W [HLS-40] C:/Users/fr909/Desktop/pmcmc-1.0/ip_design/build/prj/my_project0 and r:/scratch/builds/2014.1/continuous/20140404125757/src/products are not the same volume, so there is no relative path.
@W [HLS-40] C:/Users/fr909/Desktop/pmcmc-1.0/ip_design/build/prj/my_project0 and r:/scratch/builds/2014.1/continuous/20140404125757/src/products are not the same volume, so there is no relative path.
@W [HLS-40] C:/Users/fr909/Desktop/pmcmc-1.0/ip_design/build/prj/my_project0 and r:/scratch/builds/2014.1/continuous/20140404125757/src/products are not the same volume, so there is no relative path.
@W [HLS-40] C:/Users/fr909/Desktop/pmcmc-1.0/ip_design/build/prj/my_project0 and r:/scratch/builds/2014.1/continuous/20140404125757/src/products are not the same volume, so there is no relative path.
@W [HLS-40] C:/Users/fr909/Desktop/pmcmc-1.0/ip_design/build/prj/my_project0 and r:/scratch/builds/2014.1/continuous/20140404125757/src/products are not the same volume, so there is no relative path.
@W [HLS-40] C:/Users/fr909/Desktop/pmcmc-1.0/ip_design/build/prj/my_project0 and r:/scratch/builds/2014.1/continuous/20140404125757/src/products are not the same volume, so there is no relative path.
@W [HLS-40] C:/Users/fr909/Desktop/pmcmc-1.0/ip_design/build/prj/my_project0 and r:/scratch/builds/2014.1/continuous/20140404125757/src/products are not the same volume, so there is no relative path.
@W [HLS-40] C:/Users/fr909/Desktop/pmcmc-1.0/ip_design/build/prj/my_project0 and r:/scratch/builds/2014.1/continuous/20140404125757/src/products are not the same volume, so there is no relative path.
@W [HLS-40] C:/Users/fr909/Desktop/pmcmc-1.0/ip_design/build/prj/my_project0 and r:/scratch/builds/2014.1/continuous/20140404125757/src/products are not the same volume, so there is no relative path.
@W [HLS-40] C:/Users/fr909/Desktop/pmcmc-1.0/ip_design/build/prj/my_project0 and r:/scratch/builds/2014.1/continuous/20140404125757/src/products are not the same volume, so there is no relative path.
@W [HLS-40] C:/Users/fr909/Desktop/pmcmc-1.0/ip_design/build/prj/my_project0 and r:/scratch/builds/2014.1/continuous/20140404125757/src/products are not the same volume, so there is no relative path.
@W [HLS-40] C:/Users/fr909/Desktop/pmcmc-1.0/ip_design/build/prj/my_project0 and r:/scratch/builds/2014.1/continuous/20140404125757/src/products are not the same volume, so there is no relative path.
@W [HLS-40] C:/Users/fr909/Desktop/pmcmc-1.0/ip_design/build/prj/my_project0 and r:/scratch/builds/2014.1/continuous/20140404125757/src/products are not the same volume, so there is no relative path.
@W [HLS-40] C:/Users/fr909/Desktop/pmcmc-1.0/ip_design/build/prj/my_project0 and r:/scratch/builds/2014.1/continuous/20140404125757/src/products are not the same volume, so there is no relative path.
@W [HLS-40] C:/Users/fr909/Desktop/pmcmc-1.0/ip_design/build/prj/my_project0 and r:/scratch/builds/2014.1/continuous/20140404125757/src/products are not the same volume, so there is no relative path.
@W [HLS-40] C:/Users/fr909/Desktop/pmcmc-1.0/ip_design/build/prj/my_project0 and r:/scratch/builds/2014.1/continuous/20140404125757/src/products are not the same volume, so there is no relative path.
@W [HLS-40] C:/Users/fr909/Desktop/pmcmc-1.0/ip_design/build/prj/my_project0 and r:/scratch/builds/2014.1/continuous/20140404125757/src/products are not the same volume, so there is no relative path.
@W [HLS-40] C:/Users/fr909/Desktop/pmcmc-1.0/ip_design/build/prj/my_project0 and r:/scratch/builds/2014.1/continuous/20140404125757/src/products are not the same volume, so there is no relative path.
@W [HLS-40] C:/Users/fr909/Desktop/pmcmc-1.0/ip_design/build/prj/my_project0 and r:/scratch/builds/2014.1/continuous/20140404125757/src/products are not the same volume, so there is no relative path.
@W [HLS-40] C:/Users/fr909/Desktop/pmcmc-1.0/ip_design/build/prj/my_project0 and r:/scratch/builds/2014.1/continuous/20140404125757/src/products are not the same volume, so there is no relative path.
@W [HLS-40] C:/Users/fr909/Desktop/pmcmc-1.0/ip_design/build/prj/my_project0 and r:/scratch/builds/2014.1/continuous/20140404125757/src/products are not the same volume, so there is no relative path.
@W [HLS-40] C:/Users/fr909/Desktop/pmcmc-1.0/ip_design/build/prj/my_project0 and r:/scratch/builds/2014.1/continuous/20140404125757/src/products are not the same volume, so there is no relative path.
@W [HLS-40] C:/Users/fr909/Desktop/pmcmc-1.0/ip_design/build/prj/my_project0 and r:/scratch/builds/2014.1/continuous/20140404125757/src/products are not the same volume, so there is no relative path.
@W [HLS-40] C:/Users/fr909/Desktop/pmcmc-1.0/ip_design/build/prj/my_project0 and r:/scratch/builds/2014.1/continuous/20140404125757/src/products are not the same volume, so there is no relative path.
@W [HLS-40] C:/Users/fr909/Desktop/pmcmc-1.0/ip_design/build/prj/my_project0 and r:/scratch/builds/2014.1/continuous/20140404125757/src/products are not the same volume, so there is no relative path.
@W [HLS-40] C:/Users/fr909/Desktop/pmcmc-1.0/ip_design/build/prj/my_project0 and r:/scratch/builds/2014.1/continuous/20140404125757/src/products are not the same volume, so there is no relative path.
@I [RTMG-279] Implementing memory 'approx_c0_rom' using auto ROMs.
@I [RTMG-279] Implementing memory 'approx_c1_rom' using auto ROMs.
@I [RTMG-279] Implementing memory 'approx_c2_rom' using auto ROMs.
@I [RTMG-282] Generating pipelined core: 'foo_mul_31ns_32s_32_6_MulnS_0'
@I [RTMG-282] Generating pipelined core: 'foo_udiv_32ns_32ns_32_35_div'
@I [RTMG-282] Generating pipelined core: 'foo_urem_32ns_32ns_32_35_div'
@I [RTMG-279] Implementing memory 'particle_filter_mask_table9_rom' using auto ROMs.
@I [RTMG-279] Implementing memory 'gammalog_cof_rom' using auto ROMs.
@I [RTMG-282] Generating pipelined core: 'foo_mul_32s_32s_32_6_MulnS_1'
@I [RTMG-278] Implementing memory 'foo_dimensions_1_ram' using distributed RAMs.
@I [RTMG-278] Implementing memory 'foo_prior_parameters_ram' using distributed RAMs.
@I [RTMG-278] Implementing memory 'foo_init_particles_0_1_ram' using block RAMs.
@I [RTMG-278] Implementing memory 'foo_state_parameters_ram' using block RAMs.
@I [RTMG-278] Implementing memory 'foo_obs_parameters_fixed_0_ram' using block RAMs.
@I [RTMG-278] Implementing memory 'foo_seeds_ram' using distributed RAMs.
@I [RTMG-278] Implementing memory 'foo_particles_0_ram' using block RAMs.
@I [RTMG-278] Implementing memory 'foo_particles_temp_0_ram' using block RAMs.
@I [RTMG-278] Implementing memory 'foo_replication_factors_0_ram' using block RAMs.
@I [RTMG-278] Implementing memory 'foo_current_mcmc_state_ram' using block RAMs.
@I [RTMG-278] Implementing memory 'foo_proposed_mcmc_state_1_ram' using block RAMs.
@I [HLS-10] Finished generating all RTL models.
@I [WSYSC-301] Generating RTL SystemC for 'foo'.
@I [WVHDL-304] Generating RTL VHDL for 'foo'.
@I [WVLOG-307] Generating RTL Verilog for 'foo'.
@I [IMPL-8] Exporting RTL as an IP in IP-XACT.

****** Vivado v2014.1 (64-bit)
  **** SW Build 881834 on Fri Apr  4 14:15:54 MDT 2014
  **** IP Build 877625 on Fri Mar 28 16:29:15 MDT 2014
    ** Copyright 1986-2014 Xilinx, Inc. All Rights Reserved.

source run_ippack.tcl -notrace
INFO: [IP_Flow 19-234] Refreshing IP repositories
INFO: [IP_Flow 19-1704] No user IP repositories specified
INFO: [IP_Flow 19-2313] Loaded Vivado IP repository 'c:/Xilinx/Vivado/2014.1/data/ip'.
INFO: [Project 1-489] The host OS only allows 260 characters in a normal path. The project is stored in a path with more than 80 characters. If you experience issues with IP, Block Designs, or files not being found, please consider moving the project to a location with a shorter path. Alternately consider using the OS subst command to map part of the path to a drive letter.
Current project path is 'C:/Users/fr909/Desktop/pmcmc-1.0/ip_design/build/prj/my_project0/solution1/impl/ip'
INFO: [IP_Flow 19-234] Refreshing IP repositories
INFO: [IP_Flow 19-1704] No user IP repositories specified
INFO: [IP_Flow 19-2313] Loaded Vivado IP repository 'c:/Xilinx/Vivado/2014.1/data/ip'.
INFO: [IP_Flow 19-1686] Generating 'Synthesis' target for IP 'foo_ap_dmul_7_max_dsp'...
WARNING: [IP_Flow 19-1687] The current project language is set to Verilog. However IP 'foo_ap_dmul_7_max_dsp' does not support 'Verilog Synthesis' output products, delivering 'VHDL Synthesis' output products instead.
INFO: [IP_Flow 19-1686] Generating 'Simulation' target for IP 'foo_ap_dmul_7_max_dsp'...
WARNING: [IP_Flow 19-1687] The current project language is set to Verilog. However IP 'foo_ap_dmul_7_max_dsp' does not support 'Verilog Simulation' output products, delivering 'VHDL Simulation' output products instead.
generate_target: Time (s): cpu = 00:00:02 ; elapsed = 00:00:07 . Memory (MB): peak = 205.652 ; gain = 2.320
INFO: [IP_Flow 19-1686] Generating 'Synthesis' target for IP 'foo_ap_faddfsub_6_full_dsp'...
WARNING: [IP_Flow 19-1687] The current project language is set to Verilog. However IP 'foo_ap_faddfsub_6_full_dsp' does not support 'Verilog Synthesis' output products, delivering 'VHDL Synthesis' output products instead.
INFO: [IP_Flow 19-1686] Generating 'Simulation' target for IP 'foo_ap_faddfsub_6_full_dsp'...
WARNING: [IP_Flow 19-1687] The current project language is set to Verilog. However IP 'foo_ap_faddfsub_6_full_dsp' does not support 'Verilog Simulation' output products, delivering 'VHDL Simulation' output products instead.
INFO: [IP_Flow 19-1686] Generating 'Synthesis' target for IP 'foo_ap_fadd_6_full_dsp'...
WARNING: [IP_Flow 19-1687] The current project language is set to Verilog. However IP 'foo_ap_fadd_6_full_dsp' does not support 'Verilog Synthesis' output products, delivering 'VHDL Synthesis' output products instead.
INFO: [IP_Flow 19-1686] Generating 'Simulation' target for IP 'foo_ap_fadd_6_full_dsp'...
WARNING: [IP_Flow 19-1687] The current project language is set to Verilog. However IP 'foo_ap_fadd_6_full_dsp' does not support 'Verilog Simulation' output products, delivering 'VHDL Simulation' output products instead.
INFO: [IP_Flow 19-1686] Generating 'Synthesis' target for IP 'foo_ap_fcmp_1_no_dsp'...
WARNING: [IP_Flow 19-1687] The current project language is set to Verilog. However IP 'foo_ap_fcmp_1_no_dsp' does not support 'Verilog Synthesis' output products, delivering 'VHDL Synthesis' output products instead.
INFO: [IP_Flow 19-1686] Generating 'Simulation' target for IP 'foo_ap_fcmp_1_no_dsp'...
WARNING: [IP_Flow 19-1687] The current project language is set to Verilog. However IP 'foo_ap_fcmp_1_no_dsp' does not support 'Verilog Simulation' output products, delivering 'VHDL Simulation' output products instead.
INFO: [IP_Flow 19-1686] Generating 'Synthesis' target for IP 'foo_ap_fdiv_14_no_dsp'...
WARNING: [IP_Flow 19-1687] The current project language is set to Verilog. However IP 'foo_ap_fdiv_14_no_dsp' does not support 'Verilog Synthesis' output products, delivering 'VHDL Synthesis' output products instead.
INFO: [IP_Flow 19-1686] Generating 'Simulation' target for IP 'foo_ap_fdiv_14_no_dsp'...
WARNING: [IP_Flow 19-1687] The current project language is set to Verilog. However IP 'foo_ap_fdiv_14_no_dsp' does not support 'Verilog Simulation' output products, delivering 'VHDL Simulation' output products instead.
INFO: [IP_Flow 19-1686] Generating 'Synthesis' target for IP 'foo_ap_fexp_11_full_dsp'...
WARNING: [IP_Flow 19-1687] The current project language is set to Verilog. However IP 'foo_ap_fexp_11_full_dsp' does not support 'Verilog Synthesis' output products, delivering 'VHDL Synthesis' output products instead.
INFO: [IP_Flow 19-1686] Generating 'Simulation' target for IP 'foo_ap_fexp_11_full_dsp'...
WARNING: [IP_Flow 19-1687] The current project language is set to Verilog. However IP 'foo_ap_fexp_11_full_dsp' does not support 'Verilog Simulation' output products, delivering 'VHDL Simulation' output products instead.
INFO: [IP_Flow 19-1686] Generating 'Synthesis' target for IP 'foo_ap_flog_12_full_dsp'...
WARNING: [IP_Flow 19-1687] The current project language is set to Verilog. However IP 'foo_ap_flog_12_full_dsp' does not support 'Verilog Synthesis' output products, delivering 'VHDL Synthesis' output products instead.
INFO: [IP_Flow 19-1686] Generating 'Simulation' target for IP 'foo_ap_flog_12_full_dsp'...
WARNING: [IP_Flow 19-1687] The current project language is set to Verilog. However IP 'foo_ap_flog_12_full_dsp' does not support 'Verilog Simulation' output products, delivering 'VHDL Simulation' output products instead.
INFO: [IP_Flow 19-1686] Generating 'Synthesis' target for IP 'foo_ap_fmul_2_max_dsp'...
WARNING: [IP_Flow 19-1687] The current project language is set to Verilog. However IP 'foo_ap_fmul_2_max_dsp' does not support 'Verilog Synthesis' output products, delivering 'VHDL Synthesis' output products instead.
INFO: [IP_Flow 19-1686] Generating 'Simulation' target for IP 'foo_ap_fmul_2_max_dsp'...
WARNING: [IP_Flow 19-1687] The current project language is set to Verilog. However IP 'foo_ap_fmul_2_max_dsp' does not support 'Verilog Simulation' output products, delivering 'VHDL Simulation' output products instead.
INFO: [IP_Flow 19-1686] Generating 'Synthesis' target for IP 'foo_ap_fpext_1_no_dsp'...
WARNING: [IP_Flow 19-1687] The current project language is set to Verilog. However IP 'foo_ap_fpext_1_no_dsp' does not support 'Verilog Synthesis' output products, delivering 'VHDL Synthesis' output products instead.
INFO: [IP_Flow 19-1686] Generating 'Simulation' target for IP 'foo_ap_fpext_1_no_dsp'...
WARNING: [IP_Flow 19-1687] The current project language is set to Verilog. However IP 'foo_ap_fpext_1_no_dsp' does not support 'Verilog Simulation' output products, delivering 'VHDL Simulation' output products instead.
INFO: [IP_Flow 19-1686] Generating 'Synthesis' target for IP 'foo_ap_fptrunc_1_no_dsp'...
WARNING: [IP_Flow 19-1687] The current project language is set to Verilog. However IP 'foo_ap_fptrunc_1_no_dsp' does not support 'Verilog Synthesis' output products, delivering 'VHDL Synthesis' output products instead.
INFO: [IP_Flow 19-1686] Generating 'Simulation' target for IP 'foo_ap_fptrunc_1_no_dsp'...
WARNING: [IP_Flow 19-1687] The current project language is set to Verilog. However IP 'foo_ap_fptrunc_1_no_dsp' does not support 'Verilog Simulation' output products, delivering 'VHDL Simulation' output products instead.
INFO: [IP_Flow 19-1686] Generating 'Synthesis' target for IP 'foo_ap_fsqrt_15_no_dsp'...
WARNING: [IP_Flow 19-1687] The current project language is set to Verilog. However IP 'foo_ap_fsqrt_15_no_dsp' does not support 'Verilog Synthesis' output products, delivering 'VHDL Synthesis' output products instead.
INFO: [IP_Flow 19-1686] Generating 'Simulation' target for IP 'foo_ap_fsqrt_15_no_dsp'...
WARNING: [IP_Flow 19-1687] The current project language is set to Verilog. However IP 'foo_ap_fsqrt_15_no_dsp' does not support 'Verilog Simulation' output products, delivering 'VHDL Simulation' output products instead.
INFO: [IP_Flow 19-1686] Generating 'Synthesis' target for IP 'foo_ap_fsub_6_full_dsp'...
WARNING: [IP_Flow 19-1687] The current project language is set to Verilog. However IP 'foo_ap_fsub_6_full_dsp' does not support 'Verilog Synthesis' output products, delivering 'VHDL Synthesis' output products instead.
INFO: [IP_Flow 19-1686] Generating 'Simulation' target for IP 'foo_ap_fsub_6_full_dsp'...
WARNING: [IP_Flow 19-1687] The current project language is set to Verilog. However IP 'foo_ap_fsub_6_full_dsp' does not support 'Verilog Simulation' output products, delivering 'VHDL Simulation' output products instead.
INFO: [IP_Flow 19-1686] Generating 'Synthesis' target for IP 'foo_ap_uitodp_5_no_dsp'...
WARNING: [IP_Flow 19-1687] The current project language is set to Verilog. However IP 'foo_ap_uitodp_5_no_dsp' does not support 'Verilog Synthesis' output products, delivering 'VHDL Synthesis' output products instead.
INFO: [IP_Flow 19-1686] Generating 'Simulation' target for IP 'foo_ap_uitodp_5_no_dsp'...
WARNING: [IP_Flow 19-1687] The current project language is set to Verilog. However IP 'foo_ap_uitodp_5_no_dsp' does not support 'Verilog Simulation' output products, delivering 'VHDL Simulation' output products instead.
INFO: [IP_Flow 19-1686] Generating 'Synthesis' target for IP 'foo_ap_uitofp_4_no_dsp'...
WARNING: [IP_Flow 19-1687] The current project language is set to Verilog. However IP 'foo_ap_uitofp_4_no_dsp' does not support 'Verilog Synthesis' output products, delivering 'VHDL Synthesis' output products instead.
INFO: [IP_Flow 19-1686] Generating 'Simulation' target for IP 'foo_ap_uitofp_4_no_dsp'...
WARNING: [IP_Flow 19-1687] The current project language is set to Verilog. However IP 'foo_ap_uitofp_4_no_dsp' does not support 'Verilog Simulation' output products, delivering 'VHDL Simulation' output products instead.
INFO: [Common 17-206] Exiting Vivado at Wed Sep 16 18:55:26 2015...
@I [HLS-112] Total elapsed time: 1814.132 seconds; peak memory usage: 1.16 GB.
@I [LIC-101] Checked in feature [HLS]
